#
# There is insufficient memory for the Java Runtime Environment to continue.
# Native memory allocation (mmap) failed to map 195035136 bytes for committing reserved memory.
# Possible reasons:
#   The system is out of physical RAM or swap space
#   In 32 bit mode, the process size limit was hit
# Possible solutions:
#   Reduce memory load on the system
#   Increase physical memory or swap space
#   Check if swap backing store is full
#   Use 64 bit Java on a 64 bit OS
#   Decrease Java heap size (-Xmx/-Xms)
#   Decrease number of Java threads
#   Decrease Java thread stack sizes (-Xss)
#   Set larger code cache with -XX:ReservedCodeCacheSize=
# This output file may be truncated or incomplete.
#
#  Out of Memory Error (os_linux.cpp:2627), pid=11562, tid=140091630540544
#
# JRE version: Java(TM) SE Runtime Environment (8.0_74-b02) (build 1.8.0_74-b02)
# Java VM: Java HotSpot(TM) 64-Bit Server VM (25.74-b02 mixed mode linux-amd64 compressed oops)
# Failed to write core dump. Core dumps have been disabled. To enable core dumping, try "ulimit -c unlimited" before starting Java again
#

---------------  T H R E A D  ---------------

Current thread (0x00007f69c0078000):  VMThread [stack: 0x00007f699fcfd000,0x00007f699fdfe000] [id=11571]

Stack: [0x00007f699fcfd000,0x00007f699fdfe000],  sp=0x00007f699fdfc060,  free space=1020k
Native frames: (J=compiled Java code, j=interpreted, Vv=VM code, C=native code)
V  [libjvm.so+0xaba7ea]  VMError::report_and_die()+0x2ba
V  [libjvm.so+0x4f9e3b]  report_vm_out_of_memory(char const*, int, unsigned long, VMErrorType, char const*)+0x8b
V  [libjvm.so+0x91b613]  os::Linux::commit_memory_impl(char*, unsigned long, bool)+0x103
V  [libjvm.so+0x91bb69]  os::pd_commit_memory(char*, unsigned long, unsigned long, bool)+0x29
V  [libjvm.so+0x915e6a]  os::commit_memory(char*, unsigned long, unsigned long, bool)+0x2a
V  [libjvm.so+0x989543]  PSVirtualSpace::expand_by(unsigned long)+0x53
V  [libjvm.so+0x979e30]  PSOldGen::expand(unsigned long)+0x170
V  [libjvm.so+0x97a03b]  PSOldGen::resize(unsigned long)+0x1cb
V  [libjvm.so+0x981d11]  PSParallelCompact::invoke_no_policy(bool)+0x991
V  [libjvm.so+0x98766d]  PSScavenge::invoke()+0x1ad
V  [libjvm.so+0x93f300]  ParallelScavengeHeap::failed_mem_allocate(unsigned long)+0x70
V  [libjvm.so+0xabc207]  VM_ParallelGCFailedAllocation::doit()+0x97
V  [libjvm.so+0xac3c35]  VM_Operation::evaluate()+0x55
V  [libjvm.so+0xac200a]  VMThread::evaluate_operation(VM_Operation*)+0xba
V  [libjvm.so+0xac238e]  VMThread::loop()+0x1ce
V  [libjvm.so+0xac2800]  VMThread::run()+0x70
V  [libjvm.so+0x91d9d8]  java_start(Thread*)+0x108

VM_Operation (0x00007f69c64f3a90): ParallelGCFailedAllocation, mode: safepoint, requested by thread 0x00007f69c000a000


---------------  P R O C E S S  ---------------

Java Threads: ( => current thread )
  0x00007f69c00c8800 JavaThread "Service Thread" daemon [_thread_blocked, id=11578, stack(0x00007f699ef14000,0x00007f699f015000)]
  0x00007f69c00bd800 JavaThread "C1 CompilerThread2" daemon [_thread_blocked, id=11577, stack(0x00007f699f015000,0x00007f699f116000)]
  0x00007f69c00bb800 JavaThread "C2 CompilerThread1" daemon [_thread_blocked, id=11576, stack(0x00007f699f116000,0x00007f699f217000)]
  0x00007f69c00b9000 JavaThread "C2 CompilerThread0" daemon [_thread_blocked, id=11575, stack(0x00007f699f217000,0x00007f699f318000)]
  0x00007f69c00b7800 JavaThread "Signal Dispatcher" daemon [_thread_blocked, id=11574, stack(0x00007f699f318000,0x00007f699f419000)]
  0x00007f69c0084000 JavaThread "Finalizer" daemon [_thread_blocked, id=11573, stack(0x00007f699fafb000,0x00007f699fbfc000)]
  0x00007f69c007f800 JavaThread "Reference Handler" daemon [_thread_blocked, id=11572, stack(0x00007f699fbfc000,0x00007f699fcfd000)]
  0x00007f69c000a000 JavaThread "main" [_thread_blocked, id=11566, stack(0x00007f69c63f5000,0x00007f69c64f6000)]

Other Threads:
=>0x00007f69c0078000 VMThread [stack: 0x00007f699fcfd000,0x00007f699fdfe000] [id=11571]
  0x00007f69c00cb800 WatcherThread [stack: 0x00007f699ee13000,0x00007f699ef14000] [id=11579]

VM state:at safepoint (normal execution)

VM Mutex/Monitor currently owned by a thread:  ([mutex/lock_event])
[0x00007f69c0005e80] ExpandHeap_lock - owner thread: 0x00007f69c0078000
[0x00007f69c0006500] Threads_lock - owner thread: 0x00007f69c0078000
[0x00007f69c0006a00] Heap_lock - owner thread: 0x00007f69c000a000

Heap:
 PSYoungGen      total 232960K, used 24412K [0x00000000eab00000, 0x0000000100000000, 0x0000000100000000)
  eden space 116736K, 0% used [0x00000000eab00000,0x00000000eab00000,0x00000000f1d00000)
  from space 116224K, 21% used [0x00000000f8e80000,0x00000000fa6572b8,0x0000000100000000)
  to   space 116224K, 0% used [0x00000000f1d00000,0x00000000f1d00000,0x00000000f8e80000)
 ParOldGen       total 426496K, used 426115K [0x00000000c0000000, 0x00000000da080000, 0x00000000eab00000)
  object space 426496K, 99% used [0x00000000c0000000,0x00000000da020f10,0x00000000da080000)
 Metaspace       used 6189K, capacity 7216K, committed 7296K, reserved 1056768K
  class space    used 580K, capacity 616K, committed 640K, reserved 1048576K

Card table byte_map: [0x00007f69afdbc000,0x00007f69affbd000] byte_map_base: 0x00007f69af7bc000

Marking Bits: (ParMarkBitMap*) 0x00007f69c58cb260
 Begin Bits: [0x00007f69ad9b8000, 0x00007f69ae9b8000)
 End Bits:   [0x00007f69ae9b8000, 0x00007f69af9b8000)

Polling page: 0x00007f69c6512000

CodeCache: size=245760Kb used=12109Kb max_used=12123Kb free=233651Kb
 bounds [0x00007f69b037d000, 0x00007f69b0f6d000, 0x00007f69bf37d000]
 total_blobs=2535 nmethods=2270 adapters=178
 compilation: enabled

Compilation events (10 events):
Event: 21.516 Thread 0x00007f69c00b9000 nmethod 2728 0x00007f69b09ca990 code [0x00007f69b09cab20, 0x00007f69b09cb298]
Event: 21.516 Thread 0x00007f69c00bb800 nmethod 2730 0x00007f69b0676d90 code [0x00007f69b0676f00, 0x00007f69b06773b8]
Event: 21.516 Thread 0x00007f69c00b9000 2737       4       com.android.dx.ssa.back.InterferenceGraph::mergeInterferenceSet (29 bytes)
Event: 21.516 Thread 0x00007f69c00bb800 2734       4       java.util.BitSet::ensureCapacity (39 bytes)
Event: 21.527 Thread 0x00007f69c00bb800 nmethod 2734 0x00007f69b055e810 code [0x00007f69b055e960, 0x00007f69b055eb58]
Event: 21.527 Thread 0x00007f69c00bb800 2741       4       com.android.dx.util.Bits::or (24 bytes)
Event: 21.530 Thread 0x00007f69c00bb800 nmethod 2741 0x00007f69b066f690 code [0x00007f69b066f7e0, 0x00007f69b066f8d8]
Event: 21.531 Thread 0x00007f69c00bb800 2722       4       java.util.BitSet::or (105 bytes)
Event: 21.533 Thread 0x00007f69c00b9000 nmethod 2737 0x00007f69b06779d0 code [0x00007f69b0677b80, 0x00007f69b0678438]
Event: 21.543 Thread 0x00007f69c00bb800 nmethod 2722 0x00007f69b06da990 code [0x00007f69b06dab00, 0x00007f69b06daf98]

GC Heap History (10 events):
Event: 19.883 GC heap after
Heap after GC invocations=21 (full 3):
 PSYoungGen      total 234496K, used 56562K [0x00000000eab00000, 0x0000000100000000, 0x0000000100000000)
  eden space 120832K, 0% used [0x00000000eab00000,0x00000000eab00000,0x00000000f2100000)
  from space 113664K, 49% used [0x00000000f8c00000,0x00000000fc33c9a0,0x00000000ffb00000)
  to   space 109568K, 0% used [0x00000000f2100000,0x00000000f2100000,0x00000000f8c00000)
 ParOldGen       total 426496K, used 314036K [0x00000000c0000000, 0x00000000da080000, 0x00000000eab00000)
  object space 426496K, 73% used [0x00000000c0000000,0x00000000d32ad160,0x00000000da080000)
 Metaspace       used 6189K, capacity 7216K, committed 7296K, reserved 1056768K
  class space    used 580K, capacity 616K, committed 640K, reserved 1048576K
}
Event: 20.250 GC heap before
{Heap before GC invocations=22 (full 3):
 PSYoungGen      total 234496K, used 177394K [0x00000000eab00000, 0x0000000100000000, 0x0000000100000000)
  eden space 120832K, 100% used [0x00000000eab00000,0x00000000f2100000,0x00000000f2100000)
  from space 113664K, 49% used [0x00000000f8c00000,0x00000000fc33c9a0,0x00000000ffb00000)
  to   space 109568K, 0% used [0x00000000f2100000,0x00000000f2100000,0x00000000f8c00000)
 ParOldGen       total 426496K, used 314036K [0x00000000c0000000, 0x00000000da080000, 0x00000000eab00000)
  object space 426496K, 73% used [0x00000000c0000000,0x00000000d32ad160,0x00000000da080000)
 Metaspace       used 6189K, capacity 7216K, committed 7296K, reserved 1056768K
  class space    used 580K, capacity 616K, committed 640K, reserved 1048576K
Event: 20.337 GC heap after
Heap after GC invocations=22 (full 3):
 PSYoungGen      total 230400K, used 74312K [0x00000000eab00000, 0x0000000100000000, 0x0000000100000000)
  eden space 120832K, 0% used [0x00000000eab00000,0x00000000eab00000,0x00000000f2100000)
  from space 109568K, 67% used [0x00000000f2100000,0x00000000f6992340,0x00000000f8c00000)
  to   space 112640K, 0% used [0x00000000f9200000,0x00000000f9200000,0x0000000100000000)
 ParOldGen       total 426496K, used 314036K [0x00000000c0000000, 0x00000000da080000, 0x00000000eab00000)
  object space 426496K, 73% used [0x00000000c0000000,0x00000000d32ad160,0x00000000da080000)
 Metaspace       used 6189K, capacity 7216K, committed 7296K, reserved 1056768K
  class space    used 580K, capacity 616K, committed 640K, reserved 1048576K
}
Event: 20.705 GC heap before
{Heap before GC invocations=23 (full 3):
 PSYoungGen      total 230400K, used 195144K [0x00000000eab00000, 0x0000000100000000, 0x0000000100000000)
  eden space 120832K, 100% used [0x00000000eab00000,0x00000000f2100000,0x00000000f2100000)
  from space 109568K, 67% used [0x00000000f2100000,0x00000000f6992340,0x00000000f8c00000)
  to   space 112640K, 0% used [0x00000000f9200000,0x00000000f9200000,0x0000000100000000)
 ParOldGen       total 426496K, used 314036K [0x00000000c0000000, 0x00000000da080000, 0x00000000eab00000)
  object space 426496K, 73% used [0x00000000c0000000,0x00000000d32ad160,0x00000000da080000)
 Metaspace       used 6189K, capacity 7216K, committed 7296K, reserved 1056768K
  class space    used 580K, capacity 616K, committed 640K, reserved 1048576K
Event: 20.791 GC heap after
Heap after GC invocations=23 (full 3):
 PSYoungGen      total 229376K, used 94181K [0x00000000eab00000, 0x0000000100000000, 0x0000000100000000)
  eden space 116736K, 0% used [0x00000000eab00000,0x00000000eab00000,0x00000000f1d00000)
  from space 112640K, 83% used [0x00000000f9200000,0x00000000fedf9528,0x0000000100000000)
  to   space 116224K, 0% used [0x00000000f1d00000,0x00000000f1d00000,0x00000000f8e80000)
 ParOldGen       total 426496K, used 314036K [0x00000000c0000000, 0x00000000da080000, 0x00000000eab00000)
  object space 426496K, 73% used [0x00000000c0000000,0x00000000d32ad160,0x00000000da080000)
 Metaspace       used 6189K, capacity 7216K, committed 7296K, reserved 1056768K
  class space    used 580K, capacity 616K, committed 640K, reserved 1048576K
}
Event: 21.123 GC heap before
{Heap before GC invocations=24 (full 3):
 PSYoungGen      total 229376K, used 210917K [0x00000000eab00000, 0x0000000100000000, 0x0000000100000000)
  eden space 116736K, 100% used [0x00000000eab00000,0x00000000f1d00000,0x00000000f1d00000)
  from space 112640K, 83% used [0x00000000f9200000,0x00000000fedf9528,0x0000000100000000)
  to   space 116224K, 0% used [0x00000000f1d00000,0x00000000f1d00000,0x00000000f8e80000)
 ParOldGen       total 426496K, used 314036K [0x00000000c0000000, 0x00000000da080000, 0x00000000eab00000)
  object space 426496K, 73% used [0x00000000c0000000,0x00000000d32ad160,0x00000000da080000)
 Metaspace       used 6189K, capacity 7216K, committed 7296K, reserved 1056768K
  class space    used 580K, capacity 616K, committed 640K, reserved 1048576K
Event: 21.248 GC heap after
Heap after GC invocations=24 (full 3):
 PSYoungGen      total 232960K, used 96068K [0x00000000eab00000, 0x0000000100000000, 0x0000000100000000)
  eden space 116736K, 0% used [0x00000000eab00000,0x00000000eab00000,0x00000000f1d00000)
  from space 116224K, 82% used [0x00000000f1d00000,0x00000000f7ad1358,0x00000000f8e80000)
  to   space 116224K, 0% used [0x00000000f8e80000,0x00000000f8e80000,0x0000000100000000)
 ParOldGen       total 426496K, used 351275K [0x00000000c0000000, 0x00000000da080000, 0x00000000eab00000)
  object space 426496K, 82% used [0x00000000c0000000,0x00000000d570aea8,0x00000000da080000)
 Metaspace       used 6189K, capacity 7216K, committed 7296K, reserved 1056768K
  class space    used 580K, capacity 616K, committed 640K, reserved 1048576K
}
Event: 21.653 GC heap before
{Heap before GC invocations=25 (full 3):
 PSYoungGen      total 232960K, used 212804K [0x00000000eab00000, 0x0000000100000000, 0x0000000100000000)
  eden space 116736K, 100% used [0x00000000eab00000,0x00000000f1d00000,0x00000000f1d00000)
  from space 116224K, 82% used [0x00000000f1d00000,0x00000000f7ad1358,0x00000000f8e80000)
  to   space 116224K, 0% used [0x00000000f8e80000,0x00000000f8e80000,0x0000000100000000)
 ParOldGen       total 426496K, used 351275K [0x00000000c0000000, 0x00000000da080000, 0x00000000eab00000)
  object space 426496K, 82% used [0x00000000c0000000,0x00000000d570aea8,0x00000000da080000)
 Metaspace       used 6189K, capacity 7216K, committed 7296K, reserved 1056768K
  class space    used 580K, capacity 616K, committed 640K, reserved 1048576K
Event: 21.798 GC heap after
Heap after GC invocations=25 (full 3):
 PSYoungGen      total 232960K, used 64021K [0x00000000eab00000, 0x0000000100000000, 0x0000000100000000)
  eden space 116736K, 0% used [0x00000000eab00000,0x00000000eab00000,0x00000000f1d00000)
  from space 116224K, 55% used [0x00000000f8e80000,0x00000000fcd05760,0x0000000100000000)
  to   space 116224K, 0% used [0x00000000f1d00000,0x00000000f1d00000,0x00000000f8e80000)
 ParOldGen       total 426496K, used 388070K [0x00000000c0000000, 0x00000000da080000, 0x00000000eab00000)
  object space 426496K, 90% used [0x00000000c0000000,0x00000000d7af9a30,0x00000000da080000)
 Metaspace       used 6189K, capacity 7216K, committed 7296K, reserved 1056768K
  class space    used 580K, capacity 616K, committed 640K, reserved 1048576K
}
Event: 21.798 GC heap before
{Heap before GC invocations=26 (full 4):
 PSYoungGen      total 232960K, used 64021K [0x00000000eab00000, 0x0000000100000000, 0x0000000100000000)
  eden space 116736K, 0% used [0x00000000eab00000,0x00000000eab00000,0x00000000f1d00000)
  from space 116224K, 55% used [0x00000000f8e80000,0x00000000fcd05760,0x0000000100000000)
  to   space 116224K, 0% used [0x00000000f1d00000,0x00000000f1d00000,0x00000000f8e80000)
 ParOldGen       total 426496K, used 388070K [0x00000000c0000000, 0x00000000da080000, 0x00000000eab00000)
  object space 426496K, 90% used [0x00000000c0000000,0x00000000d7af9a30,0x00000000da080000)
 Metaspace       used 6189K, capacity 7216K, committed 7296K, reserved 1056768K
  class space    used 580K, capacity 616K, committed 640K, reserved 1048576K

Deoptimization events (10 events):
Event: 20.110 Thread 0x00007f69c000a000 Uncommon trap: reason=unstable_if action=reinterpret pc=0x00007f69b0aca204 method=com.android.dx.ssa.PhiTypeResolver.equalsHandlesNulls(Lcom/android/dx/rop/code/LocalItem;Lcom/android/dx/rop/code/LocalItem;)Z @ 14
Event: 20.118 Thread 0x00007f69c000a000 Uncommon trap: reason=unstable_if action=reinterpret pc=0x00007f69b06adc18 method=com.android.dx.ssa.back.FirstFitLocalCombiningAllocator.tryMapReg(Lcom/android/dx/rop/code/RegisterSpec;II)Z @ 19
Event: 20.924 Thread 0x00007f69c000a000 Uncommon trap: reason=unstable_if action=reinterpret pc=0x00007f69b0f4348c method=java.util.HashMap$TreeNode.find(ILjava/lang/Object;Ljava/lang/Class;)Ljava/util/HashMap$TreeNode; @ 102
Event: 21.345 Thread 0x00007f69c000a000 Uncommon trap: reason=predicate action=maybe_recompile pc=0x00007f69b0e0e654 method=com.android.dx.ssa.back.InterferenceGraph.<init>(I)V @ 23
Event: 21.346 Thread 0x00007f69c000a000 Uncommon trap: reason=unstable_if action=reinterpret pc=0x00007f69b08522ec method=com.android.dx.ssa.SetFactory.makeLivenessSet(I)Lcom/android/dx/util/IntSet; @ 4
Event: 21.346 Thread 0x00007f69c000a000 Uncommon trap: reason=unstable_if action=reinterpret pc=0x00007f69b080c860 method=com.android.dx.ssa.SetFactory.makeLivenessSet(I)Lcom/android/dx/util/IntSet; @ 4
Event: 21.381 Thread 0x00007f69c000a000 Uncommon trap: reason=class_check action=maybe_recompile pc=0x00007f69b0c7d654 method=com.android.dx.ssa.back.InterferenceGraph.mergeInterferenceSet(ILcom/android/dx/util/IntSet;)V @ 20
Event: 21.381 Thread 0x00007f69c000a000 Uncommon trap: reason=class_check action=maybe_recompile pc=0x00007f69b0c7d654 method=com.android.dx.ssa.back.InterferenceGraph.mergeInterferenceSet(ILcom/android/dx/util/IntSet;)V @ 20
Event: 21.381 Thread 0x00007f69c000a000 Uncommon trap: reason=class_check action=maybe_recompile pc=0x00007f69b0c7d654 method=com.android.dx.ssa.back.InterferenceGraph.mergeInterferenceSet(ILcom/android/dx/util/IntSet;)V @ 20
Event: 21.385 Thread 0x00007f69c000a000 Uncommon trap: reason=class_check action=maybe_recompile pc=0x00007f69b0c7d654 method=com.android.dx.ssa.back.InterferenceGraph.mergeInterferenceSet(ILcom/android/dx/util/IntSet;)V @ 20

Internal exceptions (10 events):
Event: 0.035 Thread 0x00007f69c000a000 Exception <a 'java/lang/NoSuchMethodError': Method sun.misc.Unsafe.prefetchRead(Ljava/lang/Object;J)V name or signature does not match> (0x00000000eab07fa8) thrown at [/HUDSON3/workspace/8-2-build-linux-amd64/jdk8u74/6087/hotspot/src/share/vm/prims/jni.cp
Event: 1.667 Thread 0x00007f69c000a000 Exception <a 'java/lang/ArrayIndexOutOfBoundsException': 18> (0x00000000ec15e898) thrown at [/HUDSON3/workspace/8-2-build-linux-amd64/jdk8u74/6087/hotspot/src/share/vm/interpreter/interpreterRuntime.cpp, line 366]
Event: 1.668 Thread 0x00007f69c000a000 Exception <a 'java/lang/ArrayIndexOutOfBoundsException': 145> (0x00000000ec160418) thrown at [/HUDSON3/workspace/8-2-build-linux-amd64/jdk8u74/6087/hotspot/src/share/vm/interpreter/interpreterRuntime.cpp, line 366]
Event: 1.669 Thread 0x00007f69c000a000 Exception <a 'java/lang/ArrayIndexOutOfBoundsException': 40> (0x00000000ec161700) thrown at [/HUDSON3/workspace/8-2-build-linux-amd64/jdk8u74/6087/hotspot/src/share/vm/interpreter/interpreterRuntime.cpp, line 366]
Event: 1.911 Thread 0x00007f69c000a000 Implicit null exception at 0x00007f69b09ec870 to 0x00007f69b09efb8d
Event: 3.047 Thread 0x00007f69c000a000 Implicit null exception at 0x00007f69b0a18d09 to 0x00007f69b0a1e175
Event: 8.414 Thread 0x00007f69c000a000 Implicit null exception at 0x00007f69b0a4baa7 to 0x00007f69b0a4d801
Event: 16.029 Thread 0x00007f69c000a000 Implicit null exception at 0x00007f69b0de7f90 to 0x00007f69b0deb94c
Event: 16.039 Thread 0x00007f69c000a000 Implicit null exception at 0x00007f69b04b10ff to 0x00007f69b04b1c1a
Event: 16.039 Thread 0x00007f69c000a000 Implicit null exception at 0x00007f69b0c42f4d to 0x00007f69b0c4312d

Events (10 events):
Event: 21.381 Thread 0x00007f69c000a000 Uncommon trap: trap_request=0xffffffde fr.pc=0x00007f69b0c7d654
Event: 21.381 Thread 0x00007f69c000a000 DEOPT PACKING pc=0x00007f69b0c7d654 sp=0x00007f69c64f3b70
Event: 21.381 Thread 0x00007f69c000a000 DEOPT UNPACKING pc=0x00007f69b0382229 sp=0x00007f69c64f3b10 mode 2
Event: 21.381 Thread 0x00007f69c000a000 Uncommon trap: trap_request=0xffffffde fr.pc=0x00007f69b0c7d654
Event: 21.381 Thread 0x00007f69c000a000 DEOPT PACKING pc=0x00007f69b0c7d654 sp=0x00007f69c64f3b70
Event: 21.381 Thread 0x00007f69c000a000 DEOPT UNPACKING pc=0x00007f69b0382229 sp=0x00007f69c64f3b10 mode 2
Event: 21.385 Thread 0x00007f69c000a000 Uncommon trap: trap_request=0xffffffde fr.pc=0x00007f69b0c7d654
Event: 21.385 Thread 0x00007f69c000a000 DEOPT PACKING pc=0x00007f69b0c7d654 sp=0x00007f69c64f3b80
Event: 21.385 Thread 0x00007f69c000a000 DEOPT UNPACKING pc=0x00007f69b0382229 sp=0x00007f69c64f3b20 mode 2
Event: 21.653 Executing VM operation: ParallelGCFailedAllocation


Dynamic libraries:
00400000-00401000 r-xp 00000000 08:05 3290920                            /usr/lib/jvm/java-8-oracle/bin/java
00600000-00601000 rw-p 00000000 08:05 3290920                            /usr/lib/jvm/java-8-oracle/bin/java
01d16000-01d37000 rw-p 00000000 00:00 0                                  [heap]
c0000000-da080000 rw-p 00000000 00:00 0 
e5a80000-eab00000 ---p 00000000 00:00 0 
eab00000-100000000 rw-p 00000000 00:00 0 
100000000-1000a0000 rw-p 00000000 00:00 0 
1000a0000-140000000 ---p 00000000 00:00 0 
7f6970000000-7f6970021000 rw-p 00000000 00:00 0 
7f6970021000-7f6974000000 ---p 00000000 00:00 0 
7f6978000000-7f6978b56000 rw-p 00000000 00:00 0 
7f6978b56000-7f697c000000 ---p 00000000 00:00 0 
7f697c000000-7f697c021000 rw-p 00000000 00:00 0 
7f697c021000-7f6980000000 ---p 00000000 00:00 0 
7f6980000000-7f6981e3d000 rw-p 00000000 00:00 0 
7f6981e3d000-7f6984000000 ---p 00000000 00:00 0 
7f6984000000-7f69860ee000 rw-p 00000000 00:00 0 
7f69860ee000-7f6988000000 ---p 00000000 00:00 0 
7f6988000000-7f6988021000 rw-p 00000000 00:00 0 
7f6988021000-7f698c000000 ---p 00000000 00:00 0 
7f698c000000-7f698c021000 rw-p 00000000 00:00 0 
7f698c021000-7f6990000000 ---p 00000000 00:00 0 
7f6990000000-7f699028d000 rw-p 00000000 00:00 0 
7f699028d000-7f6994000000 ---p 00000000 00:00 0 
7f6994000000-7f6994021000 rw-p 00000000 00:00 0 
7f6994021000-7f6998000000 ---p 00000000 00:00 0 
7f6998000000-7f6998021000 rw-p 00000000 00:00 0 
7f6998021000-7f699c000000 ---p 00000000 00:00 0 
7f699ed71000-7f699ee13000 r--s 006c2000 08:05 1714610                    /home/raluca/Documents/Ceretare/Mobiway_v1.0/TrafficCollector/app/build/intermediates/multi-dex/debug/allclasses.jar
7f699ee13000-7f699ee14000 ---p 00000000 00:00 0 
7f699ee14000-7f699ef14000 rw-p 00000000 00:00 0                          [stack:11579]
7f699ef14000-7f699ef17000 ---p 00000000 00:00 0 
7f699ef17000-7f699f015000 rw-p 00000000 00:00 0                          [stack:11578]
7f699f015000-7f699f018000 ---p 00000000 00:00 0 
7f699f018000-7f699f116000 rw-p 00000000 00:00 0                          [stack:11577]
7f699f116000-7f699f119000 ---p 00000000 00:00 0 
7f699f119000-7f699f217000 rw-p 00000000 00:00 0                          [stack:11576]
7f699f217000-7f699f21a000 ---p 00000000 00:00 0 
7f699f21a000-7f699f318000 rw-p 00000000 00:00 0                          [stack:11575]
7f699f318000-7f699f31b000 ---p 00000000 00:00 0 
7f699f31b000-7f699f419000 rw-p 00000000 00:00 0                          [stack:11574]
7f699f419000-7f699fafb000 r--p 00000000 08:05 2759684                    /usr/lib/locale/locale-archive
7f699fafb000-7f699fafe000 ---p 00000000 00:00 0 
7f699fafe000-7f699fbfc000 rw-p 00000000 00:00 0                          [stack:11573]
7f699fbfc000-7f699fbff000 ---p 00000000 00:00 0 
7f699fbff000-7f699fcfd000 rw-p 00000000 00:00 0                          [stack:11572]
7f699fcfd000-7f699fcfe000 ---p 00000000 00:00 0 
7f699fcfe000-7f69a0000000 rw-p 00000000 00:00 0                          [stack:11571]
7f69a0000000-7f69a0021000 rw-p 00000000 00:00 0 
7f69a0021000-7f69a4000000 ---p 00000000 00:00 0 
7f69a4000000-7f69a4021000 rw-p 00000000 00:00 0 
7f69a4021000-7f69a8000000 ---p 00000000 00:00 0 
7f69a8000000-7f69a8021000 rw-p 00000000 00:00 0 
7f69a8021000-7f69ac000000 ---p 00000000 00:00 0 
7f69ac042000-7f69acde0000 rw-p 00000000 00:00 0 
7f69acde0000-7f69acfb8000 r--s 03d1d000 08:05 3291722                    /usr/lib/jvm/java-8-oracle/jre/lib/rt.jar
7f69acfb8000-7f69ad638000 rw-p 00000000 00:00 0 
7f69ad638000-7f69ad7b8000 ---p 00000000 00:00 0 
7f69ad7b8000-7f69af9b8000 rw-p 00000000 00:00 0 
7f69af9b8000-7f69af9b9000 ---p 00000000 00:00 0 
7f69af9b9000-7f69afab9000 rw-p 00000000 00:00 0                          [stack:11570]
7f69afab9000-7f69afaba000 ---p 00000000 00:00 0 
7f69afaba000-7f69afbba000 rw-p 00000000 00:00 0                          [stack:11569]
7f69afbba000-7f69afbbb000 ---p 00000000 00:00 0 
7f69afbbb000-7f69afcbb000 rw-p 00000000 00:00 0                          [stack:11568]
7f69afcbb000-7f69afcbc000 ---p 00000000 00:00 0 
7f69afcbc000-7f69afe8d000 rw-p 00000000 00:00 0                          [stack:11567]
7f69afe8d000-7f69aff11000 ---p 00000000 00:00 0 
7f69aff11000-7f69affbc000 rw-p 00000000 00:00 0 
7f69affbc000-7f69affed000 rw-p 00000000 00:00 0 
7f69affed000-7f69b037d000 ---p 00000000 00:00 0 
7f69b037d000-7f69b0f6d000 rwxp 00000000 00:00 0 
7f69b0f6d000-7f69bf37d000 ---p 00000000 00:00 0 
7f69bf37d000-7f69bf397000 r-xp 00000000 08:05 3295742                    /usr/lib/jvm/java-8-oracle/jre/lib/amd64/libzip.so
7f69bf397000-7f69bf597000 ---p 0001a000 08:05 3295742                    /usr/lib/jvm/java-8-oracle/jre/lib/amd64/libzip.so
7f69bf597000-7f69bf598000 rw-p 0001a000 08:05 3295742                    /usr/lib/jvm/java-8-oracle/jre/lib/amd64/libzip.so
7f69bf598000-7f69bf5a3000 r-xp 00000000 08:05 1056963                    /lib/x86_64-linux-gnu/libnss_files-2.19.so
7f69bf5a3000-7f69bf7a2000 ---p 0000b000 08:05 1056963                    /lib/x86_64-linux-gnu/libnss_files-2.19.so
7f69bf7a2000-7f69bf7a3000 r--p 0000a000 08:05 1056963                    /lib/x86_64-linux-gnu/libnss_files-2.19.so
7f69bf7a3000-7f69bf7a4000 rw-p 0000b000 08:05 1056963                    /lib/x86_64-linux-gnu/libnss_files-2.19.so
7f69bf7a4000-7f69bf7af000 r-xp 00000000 08:05 1056894                    /lib/x86_64-linux-gnu/libnss_nis-2.19.so
7f69bf7af000-7f69bf9ae000 ---p 0000b000 08:05 1056894                    /lib/x86_64-linux-gnu/libnss_nis-2.19.so
7f69bf9ae000-7f69bf9af000 r--p 0000a000 08:05 1056894                    /lib/x86_64-linux-gnu/libnss_nis-2.19.so
7f69bf9af000-7f69bf9b0000 rw-p 0000b000 08:05 1056894                    /lib/x86_64-linux-gnu/libnss_nis-2.19.so
7f69bf9b0000-7f69bf9c7000 r-xp 00000000 08:05 1056890                    /lib/x86_64-linux-gnu/libnsl-2.19.so
7f69bf9c7000-7f69bfbc6000 ---p 00017000 08:05 1056890                    /lib/x86_64-linux-gnu/libnsl-2.19.so
7f69bfbc6000-7f69bfbc7000 r--p 00016000 08:05 1056890                    /lib/x86_64-linux-gnu/libnsl-2.19.so
7f69bfbc7000-7f69bfbc8000 rw-p 00017000 08:05 1056890                    /lib/x86_64-linux-gnu/libnsl-2.19.so
7f69bfbc8000-7f69bfbca000 rw-p 00000000 00:00 0 
7f69bfbca000-7f69bfbd3000 r-xp 00000000 08:05 1056889                    /lib/x86_64-linux-gnu/libnss_compat-2.19.so
7f69bfbd3000-7f69bfdd2000 ---p 00009000 08:05 1056889                    /lib/x86_64-linux-gnu/libnss_compat-2.19.so
7f69bfdd2000-7f69bfdd3000 r--p 00008000 08:05 1056889                    /lib/x86_64-linux-gnu/libnss_compat-2.19.so
7f69bfdd3000-7f69bfdd4000 rw-p 00009000 08:05 1056889                    /lib/x86_64-linux-gnu/libnss_compat-2.19.so
7f69bfdd4000-7f69bfdfe000 r-xp 00000000 08:05 3295772                    /usr/lib/jvm/java-8-oracle/jre/lib/amd64/libjava.so
7f69bfdfe000-7f69bfffe000 ---p 0002a000 08:05 3295772                    /usr/lib/jvm/java-8-oracle/jre/lib/amd64/libjava.so
7f69bfffe000-7f69c0000000 rw-p 0002a000 08:05 3295772                    /usr/lib/jvm/java-8-oracle/jre/lib/amd64/libjava.so
7f69c0000000-7f69c0399000 rw-p 00000000 00:00 0 
7f69c0399000-7f69c4000000 ---p 00000000 00:00 0 
7f69c400c000-7f69c4174000 rw-p 00000000 00:00 0 
7f69c4174000-7f69c41f9000 ---p 00000000 00:00 0 
7f69c41f9000-7f69c4206000 r-xp 00000000 08:05 3295769                    /usr/lib/jvm/java-8-oracle/jre/lib/amd64/libverify.so
7f69c4206000-7f69c4406000 ---p 0000d000 08:05 3295769                    /usr/lib/jvm/java-8-oracle/jre/lib/amd64/libverify.so
7f69c4406000-7f69c4408000 rw-p 0000d000 08:05 3295769                    /usr/lib/jvm/java-8-oracle/jre/lib/amd64/libverify.so
7f69c4408000-7f69c440f000 r-xp 00000000 08:05 1056898                    /lib/x86_64-linux-gnu/librt-2.19.so
7f69c440f000-7f69c460e000 ---p 00007000 08:05 1056898                    /lib/x86_64-linux-gnu/librt-2.19.so
7f69c460e000-7f69c460f000 r--p 00006000 08:05 1056898                    /lib/x86_64-linux-gnu/librt-2.19.so
7f69c460f000-7f69c4610000 rw-p 00007000 08:05 1056898                    /lib/x86_64-linux-gnu/librt-2.19.so
7f69c4610000-7f69c4715000 r-xp 00000000 08:05 1056560                    /lib/x86_64-linux-gnu/libm-2.19.so
7f69c4715000-7f69c4914000 ---p 00105000 08:05 1056560                    /lib/x86_64-linux-gnu/libm-2.19.so
7f69c4914000-7f69c4915000 r--p 00104000 08:05 1056560                    /lib/x86_64-linux-gnu/libm-2.19.so
7f69c4915000-7f69c4916000 rw-p 00105000 08:05 1056560                    /lib/x86_64-linux-gnu/libm-2.19.so
7f69c4916000-7f69c55d5000 r-xp 00000000 08:05 3295763                    /usr/lib/jvm/java-8-oracle/jre/lib/amd64/server/libjvm.so
7f69c55d5000-7f69c57d4000 ---p 00cbf000 08:05 3295763                    /usr/lib/jvm/java-8-oracle/jre/lib/amd64/server/libjvm.so
7f69c57d4000-7f69c58ad000 rw-p 00cbe000 08:05 3295763                    /usr/lib/jvm/java-8-oracle/jre/lib/amd64/server/libjvm.so
7f69c58ad000-7f69c58f6000 rw-p 00000000 00:00 0 
7f69c58f6000-7f69c5ab1000 r-xp 00000000 08:05 1056899                    /lib/x86_64-linux-gnu/libc-2.19.so
7f69c5ab1000-7f69c5cb0000 ---p 001bb000 08:05 1056899                    /lib/x86_64-linux-gnu/libc-2.19.so
7f69c5cb0000-7f69c5cb4000 r--p 001ba000 08:05 1056899                    /lib/x86_64-linux-gnu/libc-2.19.so
7f69c5cb4000-7f69c5cb6000 rw-p 001be000 08:05 1056899                    /lib/x86_64-linux-gnu/libc-2.19.so
7f69c5cb6000-7f69c5cbb000 rw-p 00000000 00:00 0 
7f69c5cbb000-7f69c5cbe000 r-xp 00000000 08:05 1056606                    /lib/x86_64-linux-gnu/libdl-2.19.so
7f69c5cbe000-7f69c5ebd000 ---p 00003000 08:05 1056606                    /lib/x86_64-linux-gnu/libdl-2.19.so
7f69c5ebd000-7f69c5ebe000 r--p 00002000 08:05 1056606                    /lib/x86_64-linux-gnu/libdl-2.19.so
7f69c5ebe000-7f69c5ebf000 rw-p 00003000 08:05 1056606                    /lib/x86_64-linux-gnu/libdl-2.19.so
7f69c5ebf000-7f69c5ed4000 r-xp 00000000 08:05 3290785                    /usr/lib/jvm/java-8-oracle/lib/amd64/jli/libjli.so
7f69c5ed4000-7f69c60d4000 ---p 00015000 08:05 3290785                    /usr/lib/jvm/java-8-oracle/lib/amd64/jli/libjli.so
7f69c60d4000-7f69c60d5000 rw-p 00015000 08:05 3290785                    /usr/lib/jvm/java-8-oracle/lib/amd64/jli/libjli.so
7f69c60d5000-7f69c60ee000 r-xp 00000000 08:05 1056891                    /lib/x86_64-linux-gnu/libpthread-2.19.so
7f69c60ee000-7f69c62ed000 ---p 00019000 08:05 1056891                    /lib/x86_64-linux-gnu/libpthread-2.19.so
7f69c62ed000-7f69c62ee000 r--p 00018000 08:05 1056891                    /lib/x86_64-linux-gnu/libpthread-2.19.so
7f69c62ee000-7f69c62ef000 rw-p 00019000 08:05 1056891                    /lib/x86_64-linux-gnu/libpthread-2.19.so
7f69c62ef000-7f69c62f3000 rw-p 00000000 00:00 0 
7f69c62f3000-7f69c6316000 r-xp 00000000 08:05 1056892                    /lib/x86_64-linux-gnu/ld-2.19.so
7f69c631b000-7f69c63f5000 rw-p 00000000 00:00 0 
7f69c63f5000-7f69c63f8000 ---p 00000000 00:00 0 
7f69c63f8000-7f69c64fa000 rw-p 00000000 00:00 0                          [stack:11566]
7f69c64fa000-7f69c6509000 r--s 000dd000 08:05 524435                     /root/Android/Sdk/build-tools/21.1.2/lib/dx.jar
7f69c6509000-7f69c6511000 rw-s 00000000 08:05 268394                     /tmp/hsperfdata_root/11562
7f69c6511000-7f69c6512000 rw-p 00000000 00:00 0 
7f69c6512000-7f69c6513000 ---p 00000000 00:00 0 
7f69c6513000-7f69c6515000 rw-p 00000000 00:00 0 
7f69c6515000-7f69c6516000 r--p 00022000 08:05 1056892                    /lib/x86_64-linux-gnu/ld-2.19.so
7f69c6516000-7f69c6517000 rw-p 00023000 08:05 1056892                    /lib/x86_64-linux-gnu/ld-2.19.so
7f69c6517000-7f69c6518000 rw-p 00000000 00:00 0 
7fffd4882000-7fffd48a3000 rw-p 00000000 00:00 0                          [stack]
7fffd49e8000-7fffd49ea000 r-xp 00000000 00:00 0                          [vdso]
7fffd49ea000-7fffd49ec000 r--p 00000000 00:00 0                          [vvar]
ffffffffff600000-ffffffffff601000 r-xp 00000000 00:00 0                  [vsyscall]

VM Arguments:
jvm_args: -Xmx1024M -Dfile.encoding=UTF-8 -Duser.country=US -Duser.language=en -Duser.variant 
java_command: com.android.dx.command.Main --dex --multi-dex --main-dex-list /home/raluca/Documents/Ceretare/Mobiway_v1.0/TrafficCollector/app/build/intermediates/multi-dex/debug/maindexlist.txt --output /home/raluca/Documents/Ceretare/Mobiway_v1.0/TrafficCollector/app/build/intermediates/dex/debug /home/raluca/Documents/Ceretare/Mobiway_v1.0/TrafficCollector/app/build/intermediates/multi-dex/debug/allclasses.jar
java_class_path (initial): /root/Android/Sdk/build-tools/21.1.2/lib/dx.jar
Launcher Type: SUN_STANDARD

Environment Variables:
CLASSPATH=./../lib/bootstrap.jar:./../lib/extensions.jar:./../lib/util.jar:./../lib/jdom.jar:./../lib/log4j.jar:./../lib/trove4j.jar:./../lib/jna.jar:/usr/lib/jvm/java-8-oracle/lib/tools.jar
PATH=/usr/local/sbin:/usr/local/bin:/usr/sbin:/usr/bin:/sbin:/bin:/usr/games:/usr/local/games
USERNAME=root
LD_LIBRARY_PATH=.:
SHELL=/bin/bash
DISPLAY=:0

Signal Handlers:
SIGSEGV: [libjvm.so+0xabb070], sa_mask[0]=11111111011111111101111111111110, sa_flags=SA_RESTART|SA_SIGINFO
SIGBUS: [libjvm.so+0xabb070], sa_mask[0]=11111111011111111101111111111110, sa_flags=SA_RESTART|SA_SIGINFO
SIGFPE: [libjvm.so+0x918480], sa_mask[0]=11111111011111111101111111111110, sa_flags=SA_RESTART|SA_SIGINFO
SIGPIPE: [libjvm.so+0x918480], sa_mask[0]=11111111011111111101111111111110, sa_flags=SA_RESTART|SA_SIGINFO
SIGXFSZ: [libjvm.so+0x918480], sa_mask[0]=11111111011111111101111111111110, sa_flags=SA_RESTART|SA_SIGINFO
SIGILL: [libjvm.so+0x918480], sa_mask[0]=11111111011111111101111111111110, sa_flags=SA_RESTART|SA_SIGINFO
SIGUSR1: SIG_DFL, sa_mask[0]=00000000000000000000000000000000, sa_flags=none
SIGUSR2: [libjvm.so+0x919ab0], sa_mask[0]=00100000000000000000000000000000, sa_flags=SA_RESTART|SA_SIGINFO
SIGHUP: [libjvm.so+0x91aeb0], sa_mask[0]=11111111011111111101111111111110, sa_flags=SA_RESTART|SA_SIGINFO
SIGINT: [libjvm.so+0x91aeb0], sa_mask[0]=11111111011111111101111111111110, sa_flags=SA_RESTART|SA_SIGINFO
SIGTERM: [libjvm.so+0x91aeb0], sa_mask[0]=11111111011111111101111111111110, sa_flags=SA_RESTART|SA_SIGINFO
SIGQUIT: [libjvm.so+0x91aeb0], sa_mask[0]=11111111011111111101111111111110, sa_flags=SA_RESTART|SA_SIGINFO


---------------  S Y S T E M  ---------------

OS:DISTRIB_ID=Ubuntu
DISTRIB_RELEASE=14.04
DISTRIB_CODENAME=trusty
DISTRIB_DESCRIPTION="Ubuntu 14.04.4 LTS"

uname:Linux 3.16.0-62-generic #83~14.04.1-Ubuntu SMP Fri Feb 26 22:52:39 UTC 2016 x86_64
libc:glibc 2.19 NPTL 2.19 
rlimit: STACK 8192k, CORE 0k, NPROC 31309, NOFILE 4096, AS infinity
load average:2.64 1.44 1.17

/proc/meminfo:
MemTotal:        8036592 kB
MemFree:          134748 kB
MemAvailable:     119892 kB
Buffers:            3116 kB
Cached:           664076 kB
SwapCached:            0 kB
Active:          7048148 kB
Inactive:         592740 kB
Active(anon):    7005580 kB
Inactive(anon):   548528 kB
Active(file):      42568 kB
Inactive(file):    44212 kB
Unevictable:        1512 kB
Mlocked:            1512 kB
SwapTotal:             0 kB
SwapFree:              0 kB
Dirty:               396 kB
Writeback:             0 kB
AnonPages:       6975712 kB
Mapped:           364408 kB
Shmem:            579916 kB
Slab:              95468 kB
SReclaimable:      52440 kB
SUnreclaim:        43028 kB
KernelStack:       13968 kB
PageTables:        65096 kB
NFS_Unstable:          0 kB
Bounce:                0 kB
WritebackTmp:          0 kB
CommitLimit:     4018296 kB
Committed_AS:   13921788 kB
VmallocTotal:   34359738367 kB
VmallocUsed:      408636 kB
VmallocChunk:   34359234376 kB
HardwareCorrupted:     0 kB
AnonHugePages:   1714176 kB
HugePages_Total:       0
HugePages_Free:        0
HugePages_Rsvd:        0
HugePages_Surp:        0
Hugepagesize:       2048 kB
DirectMap4k:       91928 kB
DirectMap2M:     8157184 kB


CPU:total 4 (2 cores per cpu, 2 threads per core) family 6 model 58 stepping 9, cmov, cx8, fxsr, mmx, sse, sse2, sse3, ssse3, sse4.1, sse4.2, popcnt, avx, aes, clmul, erms, ht, tsc, tscinvbit, tscinv

/proc/cpuinfo:
processor	: 0
vendor_id	: GenuineIntel
cpu family	: 6
model		: 58
model name	: Intel(R) Core(TM) i5-3210M CPU @ 2.50GHz
stepping	: 9
microcode	: 0x12
cpu MHz		: 1262.792
cache size	: 3072 KB
physical id	: 0
siblings	: 4
core id		: 0
cpu cores	: 2
apicid		: 0
initial apicid	: 0
fpu		: yes
fpu_exception	: yes
cpuid level	: 13
wp		: yes
flags		: fpu vme de pse tsc msr pae mce cx8 apic sep mtrr pge mca cmov pat pse36 clflush dts acpi mmx fxsr sse sse2 ss ht tm pbe syscall nx rdtscp lm constant_tsc arch_perfmon pebs bts rep_good nopl xtopology nonstop_tsc aperfmperf eagerfpu pni pclmulqdq dtes64 monitor ds_cpl vmx est tm2 ssse3 cx16 xtpr pdcm pcid sse4_1 sse4_2 x2apic popcnt tsc_deadline_timer aes xsave avx f16c rdrand lahf_lm ida arat epb xsaveopt pln pts dtherm tpr_shadow vnmi flexpriority ept vpid fsgsbase smep erms
bogomips	: 4988.88
clflush size	: 64
cache_alignment	: 64
address sizes	: 36 bits physical, 48 bits virtual
power management:

processor	: 1
vendor_id	: GenuineIntel
cpu family	: 6
model		: 58
model name	: Intel(R) Core(TM) i5-3210M CPU @ 2.50GHz
stepping	: 9
microcode	: 0x12
cpu MHz		: 1371.484
cache size	: 3072 KB
physical id	: 0
siblings	: 4
core id		: 0
cpu cores	: 2
apicid		: 1
initial apicid	: 1
fpu		: yes
fpu_exception	: yes
cpuid level	: 13
wp		: yes
flags		: fpu vme de pse tsc msr pae mce cx8 apic sep mtrr pge mca cmov pat pse36 clflush dts acpi mmx fxsr sse sse2 ss ht tm pbe syscall nx rdtscp lm constant_tsc arch_perfmon pebs bts rep_good nopl xtopology nonstop_tsc aperfmperf eagerfpu pni pclmulqdq dtes64 monitor ds_cpl vmx est tm2 ssse3 cx16 xtpr pdcm pcid sse4_1 sse4_2 x2apic popcnt tsc_deadline_timer aes xsave avx f16c rdrand lahf_lm ida arat epb xsaveopt pln pts dtherm tpr_shadow vnmi flexpriority ept vpid fsgsbase smep erms
bogomips	: 4988.88
clflush size	: 64
cache_alignment	: 64
address sizes	: 36 bits physical, 48 bits virtual
power management:

processor	: 2
vendor_id	: GenuineIntel
cpu family	: 6
model		: 58
model name	: Intel(R) Core(TM) i5-3210M CPU @ 2.50GHz
stepping	: 9
microcode	: 0x12
cpu MHz		: 1207.812
cache size	: 3072 KB
physical id	: 0
siblings	: 4
core id		: 1
cpu cores	: 2
apicid		: 2
initial apicid	: 2
fpu		: yes
fpu_exception	: yes
cpuid level	: 13
wp		: yes
flags		: fpu vme de pse tsc msr pae mce cx8 apic sep mtrr pge mca cmov pat pse36 clflush dts acpi mmx fxsr sse sse2 ss ht tm pbe syscall nx rdtscp lm constant_tsc arch_perfmon pebs bts rep_good nopl xtopology nonstop_tsc aperfmperf eagerfpu pni pclmulqdq dtes64 monitor ds_cpl vmx est tm2 ssse3 cx16 xtpr pdcm pcid sse4_1 sse4_2 x2apic popcnt tsc_deadline_timer aes xsave avx f16c rdrand lahf_lm ida arat epb xsaveopt pln pts dtherm tpr_shadow vnmi flexpriority ept vpid fsgsbase smep erms
bogomips	: 4988.88
clflush size	: 64
cache_alignment	: 64
address sizes	: 36 bits physical, 48 bits virtual
power management:

processor	: 3
vendor_id	: GenuineIntel
cpu family	: 6
model		: 58
model name	: Intel(R) Core(TM) i5-3210M CPU @ 2.50GHz
stepping	: 9
microcode	: 0x12
cpu MHz		: 1304.199
cache size	: 3072 KB
physical id	: 0
siblings	: 4
core id		: 1
cpu cores	: 2
apicid		: 3
initial apicid	: 3
fpu		: yes
fpu_exception	: yes
cpuid level	: 13
wp		: yes
flags		: fpu vme de pse tsc msr pae mce cx8 apic sep mtrr pge mca cmov pat pse36 clflush dts acpi mmx fxsr sse sse2 ss ht tm pbe syscall nx rdtscp lm constant_tsc arch_perfmon pebs bts rep_good nopl xtopology nonstop_tsc aperfmperf eagerfpu pni pclmulqdq dtes64 monitor ds_cpl vmx est tm2 ssse3 cx16 xtpr pdcm pcid sse4_1 sse4_2 x2apic popcnt tsc_deadline_timer aes xsave avx f16c rdrand lahf_lm ida arat epb xsaveopt pln pts dtherm tpr_shadow vnmi flexpriority ept vpid fsgsbase smep erms
bogomips	: 4988.88
clflush size	: 64
cache_alignment	: 64
address sizes	: 36 bits physical, 48 bits virtual
power management:



Memory: 4k page, physical 8036592k(134748k free), swap 0k(0k free)

vm_info: Java HotSpot(TM) 64-Bit Server VM (25.74-b02) for linux-amd64 JRE (1.8.0_74-b02), built on Jan 29 2016 19:20:56 by "java_re" with gcc 4.3.0 20080428 (Red Hat 4.3.0-8)

time: Mon May  2 15:42:19 2016
elapsed time: 25 seconds (0d 0h 0m 25s)

