#
# There is insufficient memory for the Java Runtime Environment to continue.
# Native memory allocation (mmap) failed to map 217055232 bytes for committing reserved memory.
# Possible reasons:
#   The system is out of physical RAM or swap space
#   In 32 bit mode, the process size limit was hit
# Possible solutions:
#   Reduce memory load on the system
#   Increase physical memory or swap space
#   Check if swap backing store is full
#   Use 64 bit Java on a 64 bit OS
#   Decrease Java heap size (-Xmx/-Xms)
#   Decrease number of Java threads
#   Decrease Java thread stack sizes (-Xss)
#   Set larger code cache with -XX:ReservedCodeCacheSize=
# This output file may be truncated or incomplete.
#
#  Out of Memory Error (os_linux.cpp:2627), pid=23186, tid=140237954049792
#
# JRE version: Java(TM) SE Runtime Environment (8.0_74-b02) (build 1.8.0_74-b02)
# Java VM: Java HotSpot(TM) 64-Bit Server VM (25.74-b02 mixed mode linux-amd64 compressed oops)
# Failed to write core dump. Core dumps have been disabled. To enable core dumping, try "ulimit -c unlimited" before starting Java again
#

---------------  T H R E A D  ---------------

Current thread (0x00007f8bc8078000):  VMThread [stack: 0x00007f8bb15f6000,0x00007f8bb16f7000] [id=23195]

Stack: [0x00007f8bb15f6000,0x00007f8bb16f7000],  sp=0x00007f8bb16f4fe0,  free space=1019k
Native frames: (J=compiled Java code, j=interpreted, Vv=VM code, C=native code)
V  [libjvm.so+0xaba7ea]  VMError::report_and_die()+0x2ba
V  [libjvm.so+0x4f9e3b]  report_vm_out_of_memory(char const*, int, unsigned long, VMErrorType, char const*)+0x8b
V  [libjvm.so+0x91b613]  os::Linux::commit_memory_impl(char*, unsigned long, bool)+0x103
V  [libjvm.so+0x91bb69]  os::pd_commit_memory(char*, unsigned long, unsigned long, bool)+0x29
V  [libjvm.so+0x915e6a]  os::commit_memory(char*, unsigned long, unsigned long, bool)+0x2a
V  [libjvm.so+0x989543]  PSVirtualSpace::expand_by(unsigned long)+0x53
V  [libjvm.so+0x98a948]  PSYoungGen::resize_generation(unsigned long, unsigned long)+0xf8
V  [libjvm.so+0x989aa2]  PSYoungGen::resize(unsigned long, unsigned long)+0x22
V  [libjvm.so+0x986d7b]  PSScavenge::invoke_no_policy()+0xf3b
V  [libjvm.so+0x987501]  PSScavenge::invoke()+0x41
V  [libjvm.so+0x93f300]  ParallelScavengeHeap::failed_mem_allocate(unsigned long)+0x70
V  [libjvm.so+0xabc207]  VM_ParallelGCFailedAllocation::doit()+0x97
V  [libjvm.so+0xac3c35]  VM_Operation::evaluate()+0x55
V  [libjvm.so+0xac200a]  VMThread::evaluate_operation(VM_Operation*)+0xba
V  [libjvm.so+0xac238e]  VMThread::loop()+0x1ce
V  [libjvm.so+0xac2800]  VMThread::run()+0x70
V  [libjvm.so+0x91d9d8]  java_start(Thread*)+0x108

VM_Operation (0x00007f8bcfe55ca0): ParallelGCFailedAllocation, mode: safepoint, requested by thread 0x00007f8bc800a000


---------------  P R O C E S S  ---------------

Java Threads: ( => current thread )
  0x00007f8bc80c0800 JavaThread "Service Thread" daemon [_thread_blocked, id=23202, stack(0x00007f8bb080d000,0x00007f8bb090e000)]
  0x00007f8bc80bd800 JavaThread "C1 CompilerThread2" daemon [_thread_blocked, id=23201, stack(0x00007f8bb090e000,0x00007f8bb0a0f000)]
  0x00007f8bc80bb800 JavaThread "C2 CompilerThread1" daemon [_thread_blocked, id=23200, stack(0x00007f8bb0a0f000,0x00007f8bb0b10000)]
  0x00007f8bc80b9000 JavaThread "C2 CompilerThread0" daemon [_thread_blocked, id=23199, stack(0x00007f8bb0b10000,0x00007f8bb0c11000)]
  0x00007f8bc80b7800 JavaThread "Signal Dispatcher" daemon [_thread_blocked, id=23198, stack(0x00007f8bb0c11000,0x00007f8bb0d12000)]
  0x00007f8bc8084000 JavaThread "Finalizer" daemon [_thread_blocked, id=23197, stack(0x00007f8bb13f4000,0x00007f8bb14f5000)]
  0x00007f8bc807f800 JavaThread "Reference Handler" daemon [_thread_blocked, id=23196, stack(0x00007f8bb14f5000,0x00007f8bb15f6000)]
  0x00007f8bc800a000 JavaThread "main" [_thread_blocked, id=23188, stack(0x00007f8bcfd57000,0x00007f8bcfe58000)]

Other Threads:
=>0x00007f8bc8078000 VMThread [stack: 0x00007f8bb15f6000,0x00007f8bb16f7000] [id=23195]
  0x00007f8bc80c3000 WatcherThread [stack: 0x00007f8bb070c000,0x00007f8bb080d000] [id=23203]

VM state:at safepoint (normal execution)

VM Mutex/Monitor currently owned by a thread:  ([mutex/lock_event])
[0x00007f8bc8006550] Threads_lock - owner thread: 0x00007f8bc8078000
[0x00007f8bc8006a50] Heap_lock - owner thread: 0x00007f8bc800a000

Heap:
 PSYoungGen      total 132096K, used 5090K [0x00000000eab00000, 0x00000000f3100000, 0x0000000100000000)
  eden space 126976K, 0% used [0x00000000eab00000,0x00000000eab00000,0x00000000f2700000)
  from space 5120K, 99% used [0x00000000f2700000,0x00000000f2bf8958,0x00000000f2c00000)
  to   space 5120K, 0% used [0x00000000f2c00000,0x00000000f2c00000,0x00000000f3100000)
 ParOldGen       total 123904K, used 93493K [0x00000000c0000000, 0x00000000c7900000, 0x00000000eab00000)
  object space 123904K, 75% used [0x00000000c0000000,0x00000000c5b4d5a0,0x00000000c7900000)
 Metaspace       used 5571K, capacity 6832K, committed 7040K, reserved 1056768K
  class space    used 549K, capacity 616K, committed 640K, reserved 1048576K

Card table byte_map: [0x00007f8bcc917000,0x00007f8bccb18000] byte_map_base: 0x00007f8bcc317000

Marking Bits: (ParMarkBitMap*) 0x00007f8bcf22d260
 Begin Bits: [0x00007f8bb2000000, 0x00007f8bb3000000)
 End Bits:   [0x00007f8bb3000000, 0x00007f8bb4000000)

Polling page: 0x00007f8bcfe74000

CodeCache: size=245760Kb used=6610Kb max_used=6618Kb free=239149Kb
 bounds [0x00007f8bb9000000, 0x00007f8bb9680000, 0x00007f8bc8000000]
 total_blobs=1629 nmethods=1365 adapters=178
 compilation: enabled

Compilation events (10 events):
Event: 9.729 Thread 0x00007f8bc80bd800 1509       3       com.android.dx.ssa.SsaMethod::convertRopToSsaBlocks (103 bytes)
Event: 9.731 Thread 0x00007f8bc80bd800 nmethod 1509 0x00007f8bb9665f50 code [0x00007f8bb96661c0, 0x00007f8bb9667368]
Event: 9.812 Thread 0x00007f8bc80bb800 nmethod 1491 0x00007f8bb966f290 code [0x00007f8bb9670940, 0x00007f8bb9676b18]
Event: 9.812 Thread 0x00007f8bc80bb800 1498       4       com.android.dx.cf.code.ValueAwareMachine::run (1142 bytes)
Event: 9.922 Thread 0x00007f8bc80bd800 1511       3       com.android.dx.ssa.SsaConverter::edgeSplitPredecessors (44 bytes)
Event: 9.923 Thread 0x00007f8bc80bd800 nmethod 1511 0x00007f8bb96474d0 code [0x00007f8bb96476e0, 0x00007f8bb96480a8]
Event: 9.940 Thread 0x00007f8bc80bd800 1513       3       com.android.dx.ssa.SsaConverter::edgeSplitMoveExceptionsAndResults (157 bytes)
Event: 9.942 Thread 0x00007f8bc80bd800 nmethod 1513 0x00007f8bb966be50 code [0x00007f8bb966c1e0, 0x00007f8bb966dec8]
Event: 9.954 Thread 0x00007f8bc80bd800 1515       3       com.android.dx.ssa.SsaConverter::edgeSplitSuccessors (98 bytes)
Event: 9.955 Thread 0x00007f8bc80bd800 nmethod 1515 0x00007f8bb966a3d0 code [0x00007f8bb966a660, 0x00007f8bb966b488]

GC Heap History (10 events):
Event: 2.472 GC heap after
Heap after GC invocations=1 (full 0):
 PSYoungGen      total 36864K, used 5094K [0x00000000eab00000, 0x00000000ef300000, 0x0000000100000000)
  eden space 31744K, 0% used [0x00000000eab00000,0x00000000eab00000,0x00000000eca00000)
  from space 5120K, 99% used [0x00000000eca00000,0x00000000ecef9b08,0x00000000ecf00000)
  to   space 5120K, 0% used [0x00000000eee00000,0x00000000eee00000,0x00000000ef300000)
 ParOldGen       total 84992K, used 15014K [0x00000000c0000000, 0x00000000c5300000, 0x00000000eab00000)
  object space 84992K, 17% used [0x00000000c0000000,0x00000000c0ea9b10,0x00000000c5300000)
 Metaspace       used 5243K, capacity 6576K, committed 6784K, reserved 1056768K
  class space    used 541K, capacity 616K, committed 640K, reserved 1048576K
}
Event: 2.516 GC heap before
{Heap before GC invocations=2 (full 0):
 PSYoungGen      total 36864K, used 36838K [0x00000000eab00000, 0x00000000ef300000, 0x0000000100000000)
  eden space 31744K, 100% used [0x00000000eab00000,0x00000000eca00000,0x00000000eca00000)
  from space 5120K, 99% used [0x00000000eca00000,0x00000000ecef9b08,0x00000000ecf00000)
  to   space 5120K, 0% used [0x00000000eee00000,0x00000000eee00000,0x00000000ef300000)
 ParOldGen       total 84992K, used 15014K [0x00000000c0000000, 0x00000000c5300000, 0x00000000eab00000)
  object space 84992K, 17% used [0x00000000c0000000,0x00000000c0ea9b10,0x00000000c5300000)
 Metaspace       used 5250K, capacity 6576K, committed 6784K, reserved 1056768K
  class space    used 541K, capacity 616K, committed 640K, reserved 1048576K
Event: 2.566 GC heap after
Heap after GC invocations=2 (full 0):
 PSYoungGen      total 68608K, used 5097K [0x00000000eab00000, 0x00000000ef300000, 0x0000000100000000)
  eden space 63488K, 0% used [0x00000000eab00000,0x00000000eab00000,0x00000000ee900000)
  from space 5120K, 99% used [0x00000000eee00000,0x00000000ef2fa7c0,0x00000000ef300000)
  to   space 5120K, 0% used [0x00000000ee900000,0x00000000ee900000,0x00000000eee00000)
 ParOldGen       total 84992K, used 35179K [0x00000000c0000000, 0x00000000c5300000, 0x00000000eab00000)
  object space 84992K, 41% used [0x00000000c0000000,0x00000000c225ae48,0x00000000c5300000)
 Metaspace       used 5250K, capacity 6576K, committed 6784K, reserved 1056768K
  class space    used 541K, capacity 616K, committed 640K, reserved 1048576K
}
Event: 5.324 GC heap before
{Heap before GC invocations=3 (full 0):
 PSYoungGen      total 68608K, used 68526K [0x00000000eab00000, 0x00000000ef300000, 0x0000000100000000)
  eden space 63488K, 99% used [0x00000000eab00000,0x00000000ee8f1210,0x00000000ee900000)
  from space 5120K, 99% used [0x00000000eee00000,0x00000000ef2fa7c0,0x00000000ef300000)
  to   space 5120K, 0% used [0x00000000ee900000,0x00000000ee900000,0x00000000eee00000)
 ParOldGen       total 84992K, used 35179K [0x00000000c0000000, 0x00000000c5300000, 0x00000000eab00000)
  object space 84992K, 41% used [0x00000000c0000000,0x00000000c225ae48,0x00000000c5300000)
 Metaspace       used 5364K, capacity 6704K, committed 6784K, reserved 1056768K
  class space    used 542K, capacity 616K, committed 640K, reserved 1048576K
Event: 5.480 GC heap after
Heap after GC invocations=3 (full 0):
 PSYoungGen      total 68608K, used 5099K [0x00000000eab00000, 0x00000000f3100000, 0x0000000100000000)
  eden space 63488K, 0% used [0x00000000eab00000,0x00000000eab00000,0x00000000ee900000)
  from space 5120K, 99% used [0x00000000ee900000,0x00000000eedfac08,0x00000000eee00000)
  to   space 5120K, 0% used [0x00000000f2c00000,0x00000000f2c00000,0x00000000f3100000)
 ParOldGen       total 84992K, used 45964K [0x00000000c0000000, 0x00000000c5300000, 0x00000000eab00000)
  object space 84992K, 54% used [0x00000000c0000000,0x00000000c2ce31d0,0x00000000c5300000)
 Metaspace       used 5364K, capacity 6704K, committed 6784K, reserved 1056768K
  class space    used 542K, capacity 616K, committed 640K, reserved 1048576K
}
Event: 7.836 GC heap before
{Heap before GC invocations=4 (full 0):
 PSYoungGen      total 68608K, used 68587K [0x00000000eab00000, 0x00000000f3100000, 0x0000000100000000)
  eden space 63488K, 100% used [0x00000000eab00000,0x00000000ee900000,0x00000000ee900000)
  from space 5120K, 99% used [0x00000000ee900000,0x00000000eedfac08,0x00000000eee00000)
  to   space 5120K, 0% used [0x00000000f2c00000,0x00000000f2c00000,0x00000000f3100000)
 ParOldGen       total 84992K, used 45964K [0x00000000c0000000, 0x00000000c5300000, 0x00000000eab00000)
  object space 84992K, 54% used [0x00000000c0000000,0x00000000c2ce31d0,0x00000000c5300000)
 Metaspace       used 5522K, capacity 6768K, committed 7040K, reserved 1056768K
  class space    used 549K, capacity 616K, committed 640K, reserved 1048576K
Event: 7.942 GC heap after
Heap after GC invocations=4 (full 0):
 PSYoungGen      total 132096K, used 5099K [0x00000000eab00000, 0x00000000f3100000, 0x0000000100000000)
  eden space 126976K, 0% used [0x00000000eab00000,0x00000000eab00000,0x00000000f2700000)
  from space 5120K, 99% used [0x00000000f2c00000,0x00000000f30fac08,0x00000000f3100000)
  to   space 5120K, 0% used [0x00000000f2700000,0x00000000f2700000,0x00000000f2c00000)
 ParOldGen       total 87040K, used 86074K [0x00000000c0000000, 0x00000000c5500000, 0x00000000eab00000)
  object space 87040K, 98% used [0x00000000c0000000,0x00000000c540e8e0,0x00000000c5500000)
 Metaspace       used 5522K, capacity 6768K, committed 7040K, reserved 1056768K
  class space    used 549K, capacity 616K, committed 640K, reserved 1048576K
}
Event: 7.942 GC heap before
{Heap before GC invocations=5 (full 1):
 PSYoungGen      total 132096K, used 5099K [0x00000000eab00000, 0x00000000f3100000, 0x0000000100000000)
  eden space 126976K, 0% used [0x00000000eab00000,0x00000000eab00000,0x00000000f2700000)
  from space 5120K, 99% used [0x00000000f2c00000,0x00000000f30fac08,0x00000000f3100000)
  to   space 5120K, 0% used [0x00000000f2700000,0x00000000f2700000,0x00000000f2c00000)
 ParOldGen       total 87040K, used 86074K [0x00000000c0000000, 0x00000000c5500000, 0x00000000eab00000)
  object space 87040K, 98% used [0x00000000c0000000,0x00000000c540e8e0,0x00000000c5500000)
 Metaspace       used 5522K, capacity 6768K, committed 7040K, reserved 1056768K
  class space    used 549K, capacity 616K, committed 640K, reserved 1048576K
Event: 8.223 GC heap after
Heap after GC invocations=5 (full 1):
 PSYoungGen      total 132096K, used 0K [0x00000000eab00000, 0x00000000f3100000, 0x0000000100000000)
  eden space 126976K, 0% used [0x00000000eab00000,0x00000000eab00000,0x00000000f2700000)
  from space 5120K, 0% used [0x00000000f2c00000,0x00000000f2c00000,0x00000000f3100000)
  to   space 5120K, 0% used [0x00000000f2700000,0x00000000f2700000,0x00000000f2c00000)
 ParOldGen       total 123904K, used 45465K [0x00000000c0000000, 0x00000000c7900000, 0x00000000eab00000)
  object space 123904K, 36% used [0x00000000c0000000,0x00000000c2c66580,0x00000000c7900000)
 Metaspace       used 5522K, capacity 6768K, committed 7040K, reserved 1056768K
  class space    used 549K, capacity 616K, committed 640K, reserved 1048576K
}
Event: 9.963 GC heap before
{Heap before GC invocations=6 (full 1):
 PSYoungGen      total 132096K, used 126976K [0x00000000eab00000, 0x00000000f3100000, 0x0000000100000000)
  eden space 126976K, 100% used [0x00000000eab00000,0x00000000f2700000,0x00000000f2700000)
  from space 5120K, 0% used [0x00000000f2c00000,0x00000000f2c00000,0x00000000f3100000)
  to   space 5120K, 0% used [0x00000000f2700000,0x00000000f2700000,0x00000000f2c00000)
 ParOldGen       total 123904K, used 45465K [0x00000000c0000000, 0x00000000c7900000, 0x00000000eab00000)
  object space 123904K, 36% used [0x00000000c0000000,0x00000000c2c66580,0x00000000c7900000)
 Metaspace       used 5571K, capacity 6832K, committed 7040K, reserved 1056768K
  class space    used 549K, capacity 616K, committed 640K, reserved 1048576K

Deoptimization events (10 events):
Event: 6.101 Thread 0x00007f8bc800a000 Uncommon trap: reason=unstable_if action=reinterpret pc=0x00007f8bb93b6690 method=com.android.dx.ssa.SCCP.simulateBranch(Lcom/android/dx/ssa/SsaInsn;)V @ 548
Event: 6.312 Thread 0x00007f8bc800a000 Uncommon trap: reason=unstable_if action=reinterpret pc=0x00007f8bb94237c4 method=com.android.dx.rop.code.RegisterSpec.equals(ILcom/android/dx/rop/type/TypeBearer;Lcom/android/dx/rop/code/LocalItem;)Z @ 16
Event: 8.981 Thread 0x00007f8bc800a000 Uncommon trap: reason=bimorphic action=maybe_recompile pc=0x00007f8bb95bbb14 method=com.android.dx.rop.code.Rops.opMoveResultPseudo(Lcom/android/dx/rop/type/TypeBearer;)Lcom/android/dx/rop/code/Rop; @ 7
Event: 8.981 Thread 0x00007f8bc800a000 Uncommon trap: reason=class_check action=maybe_recompile pc=0x00007f8bb95bb9c4 method=com.android.dx.cf.code.RopperMachine.run(Lcom/android/dx/cf/code/Frame;II)V @ 310
Event: 8.982 Thread 0x00007f8bc800a000 Uncommon trap: reason=unstable_if action=reinterpret pc=0x00007f8bb95ef384 method=com.android.dx.ssa.SsaBasicBlock.newFromRop(Lcom/android/dx/rop/code/RopMethod;ILcom/android/dx/ssa/SsaMethod;)Lcom/android/dx/ssa/SsaBasicBlock; @ 164
Event: 8.986 Thread 0x00007f8bc800a000 Uncommon trap: reason=bimorphic action=maybe_recompile pc=0x00007f8bb961d2a0 method=com.android.dx.ssa.LiteralOpUpgrader.tryReplacingWithConstant(Lcom/android/dx/ssa/NormalSsaInsn;)Z @ 62
Event: 8.988 Thread 0x00007f8bc800a000 Uncommon trap: reason=class_check action=maybe_recompile pc=0x00007f8bb953ecac method=com.android.dx.ssa.back.LivenessAnalyzer.run()V @ 34
Event: 8.988 Thread 0x00007f8bc800a000 Uncommon trap: reason=class_check action=maybe_recompile pc=0x00007f8bb953ecac method=com.android.dx.ssa.back.LivenessAnalyzer.run()V @ 34
Event: 8.988 Thread 0x00007f8bc800a000 Uncommon trap: reason=class_check action=maybe_recompile pc=0x00007f8bb953ecac method=com.android.dx.ssa.back.LivenessAnalyzer.run()V @ 34
Event: 8.988 Thread 0x00007f8bc800a000 Uncommon trap: reason=class_check action=maybe_recompile pc=0x00007f8bb953ecac method=com.android.dx.ssa.back.LivenessAnalyzer.run()V @ 34

Internal exceptions (3 events):
Event: 0.099 Thread 0x00007f8bc800a000 Exception <a 'java/lang/NoSuchMethodError': Method sun.misc.Unsafe.defineClass(Ljava/lang/String;[BII)Ljava/lang/Class; name or signature does not match> (0x00000000eab07cc0) thrown at [/HUDSON3/workspace/8-2-build-linux-amd64/jdk8u74/6087/hotspot/src/sha
Event: 0.099 Thread 0x00007f8bc800a000 Exception <a 'java/lang/NoSuchMethodError': Method sun.misc.Unsafe.prefetchRead(Ljava/lang/Object;J)V name or signature does not match> (0x00000000eab07fa8) thrown at [/HUDSON3/workspace/8-2-build-linux-amd64/jdk8u74/6087/hotspot/src/share/vm/prims/jni.cp
Event: 5.620 Thread 0x00007f8bc800a000 Implicit null exception at 0x00007f8bb933a934 to 0x00007f8bb933b765

Events (10 events):
Event: 8.988 Thread 0x00007f8bc800a000 DEOPT UNPACKING pc=0x00007f8bb9005229 sp=0x00007f8bcfe55d88 mode 2
Event: 8.988 Thread 0x00007f8bc800a000 Uncommon trap: trap_request=0xffffffde fr.pc=0x00007f8bb953ecac
Event: 8.988 Thread 0x00007f8bc800a000 DEOPT PACKING pc=0x00007f8bb953ecac sp=0x00007f8bcfe55d60
Event: 8.988 Thread 0x00007f8bc800a000 DEOPT UNPACKING pc=0x00007f8bb9005229 sp=0x00007f8bcfe55d88 mode 2
Event: 8.988 Thread 0x00007f8bc800a000 Uncommon trap: trap_request=0xffffffde fr.pc=0x00007f8bb953ecac
Event: 8.988 Thread 0x00007f8bc800a000 DEOPT PACKING pc=0x00007f8bb953ecac sp=0x00007f8bcfe55d60
Event: 8.988 Thread 0x00007f8bc800a000 DEOPT UNPACKING pc=0x00007f8bb9005229 sp=0x00007f8bcfe55d88 mode 2
Event: 9.013 Thread 0x00007f8bc800a000 DEOPT PACKING pc=0x00007f8bb950d96a sp=0x00007f8bcfe55df0
Event: 9.013 Thread 0x00007f8bc800a000 DEOPT UNPACKING pc=0x00007f8bb9047633 sp=0x00007f8bcfe55b88 mode 0
Event: 9.963 Executing VM operation: ParallelGCFailedAllocation


Dynamic libraries:
00400000-00401000 r-xp 00000000 08:05 3290920                            /usr/lib/jvm/java-8-oracle/bin/java
00600000-00601000 rw-p 00000000 08:05 3290920                            /usr/lib/jvm/java-8-oracle/bin/java
009cb000-009ec000 rw-p 00000000 00:00 0                                  [heap]
c0000000-c7900000 rw-p 00000000 00:00 0 
c7900000-eab00000 ---p 00000000 00:00 0 
eab00000-f3100000 rw-p 00000000 00:00 0 
100000000-1000a0000 rw-p 00000000 00:00 0 
1000a0000-140000000 ---p 00000000 00:00 0 
7f8b7c000000-7f8b7c021000 rw-p 00000000 00:00 0 
7f8b7c021000-7f8b80000000 ---p 00000000 00:00 0 
7f8b84000000-7f8b84aa3000 rw-p 00000000 00:00 0 
7f8b84aa3000-7f8b88000000 ---p 00000000 00:00 0 
7f8b88000000-7f8b88021000 rw-p 00000000 00:00 0 
7f8b88021000-7f8b8c000000 ---p 00000000 00:00 0 
7f8b8c000000-7f8b8ca7c000 rw-p 00000000 00:00 0 
7f8b8ca7c000-7f8b90000000 ---p 00000000 00:00 0 
7f8b90000000-7f8b909b1000 rw-p 00000000 00:00 0 
7f8b909b1000-7f8b94000000 ---p 00000000 00:00 0 
7f8b94000000-7f8b94021000 rw-p 00000000 00:00 0 
7f8b94021000-7f8b98000000 ---p 00000000 00:00 0 
7f8b98000000-7f8b98021000 rw-p 00000000 00:00 0 
7f8b98021000-7f8b9c000000 ---p 00000000 00:00 0 
7f8b9c000000-7f8b9c28d000 rw-p 00000000 00:00 0 
7f8b9c28d000-7f8ba0000000 ---p 00000000 00:00 0 
7f8ba0000000-7f8ba0021000 rw-p 00000000 00:00 0 
7f8ba0021000-7f8ba4000000 ---p 00000000 00:00 0 
7f8ba4000000-7f8ba4021000 rw-p 00000000 00:00 0 
7f8ba4021000-7f8ba8000000 ---p 00000000 00:00 0 
7f8ba8000000-7f8ba8021000 rw-p 00000000 00:00 0 
7f8ba8021000-7f8bac000000 ---p 00000000 00:00 0 
7f8bac000000-7f8bac021000 rw-p 00000000 00:00 0 
7f8bac021000-7f8bb0000000 ---p 00000000 00:00 0 
7f8bb070c000-7f8bb070d000 ---p 00000000 00:00 0 
7f8bb070d000-7f8bb080d000 rw-p 00000000 00:00 0                          [stack:23203]
7f8bb080d000-7f8bb0810000 ---p 00000000 00:00 0 
7f8bb0810000-7f8bb090e000 rw-p 00000000 00:00 0                          [stack:23202]
7f8bb090e000-7f8bb0911000 ---p 00000000 00:00 0 
7f8bb0911000-7f8bb0a0f000 rw-p 00000000 00:00 0                          [stack:23201]
7f8bb0a0f000-7f8bb0a12000 ---p 00000000 00:00 0 
7f8bb0a12000-7f8bb0b10000 rw-p 00000000 00:00 0                          [stack:23200]
7f8bb0b10000-7f8bb0b13000 ---p 00000000 00:00 0 
7f8bb0b13000-7f8bb0c11000 rw-p 00000000 00:00 0                          [stack:23199]
7f8bb0c11000-7f8bb0c14000 ---p 00000000 00:00 0 
7f8bb0c14000-7f8bb0d12000 rw-p 00000000 00:00 0                          [stack:23198]
7f8bb0d12000-7f8bb13f4000 r--p 00000000 08:05 2759684                    /usr/lib/locale/locale-archive
7f8bb13f4000-7f8bb13f7000 ---p 00000000 00:00 0 
7f8bb13f7000-7f8bb14f5000 rw-p 00000000 00:00 0                          [stack:23197]
7f8bb14f5000-7f8bb14f8000 ---p 00000000 00:00 0 
7f8bb14f8000-7f8bb15f6000 rw-p 00000000 00:00 0                          [stack:23196]
7f8bb15f6000-7f8bb15f7000 ---p 00000000 00:00 0 
7f8bb15f7000-7f8bb4000000 rw-p 00000000 00:00 0                          [stack:23195]
7f8bb4000000-7f8bb4021000 rw-p 00000000 00:00 0 
7f8bb4021000-7f8bb8000000 ---p 00000000 00:00 0 
7f8bb8022000-7f8bb8628000 rw-p 00000000 00:00 0 
7f8bb8628000-7f8bb8800000 r--s 03d1d000 08:05 3291722                    /usr/lib/jvm/java-8-oracle/jre/lib/rt.jar
7f8bb8800000-7f8bb8e40000 rw-p 00000000 00:00 0 
7f8bb8e40000-7f8bb9000000 ---p 00000000 00:00 0 
7f8bb9000000-7f8bb9680000 rwxp 00000000 00:00 0 
7f8bb9680000-7f8bc8000000 ---p 00000000 00:00 0 
7f8bc8000000-7f8bc8387000 rw-p 00000000 00:00 0 
7f8bc8387000-7f8bcc000000 ---p 00000000 00:00 0 
7f8bcc08a000-7f8bcc095000 r--s 0006d000 08:05 1714545                    /home/raluca/Documents/Ceretare/Mobiway_v1.0/TrafficCollector/app/build/intermediates/exploded-aar/com.google.android.gms/play-services-analytics/7.0.0/classes.jar
7f8bcc095000-7f8bcc3bd000 rw-p 00000000 00:00 0 
7f8bcc3bd000-7f8bcc3be000 ---p 00000000 00:00 0 
7f8bcc3be000-7f8bcc4be000 rw-p 00000000 00:00 0                          [stack:23194]
7f8bcc4be000-7f8bcc4bf000 ---p 00000000 00:00 0 
7f8bcc4bf000-7f8bcc5bf000 rw-p 00000000 00:00 0                          [stack:23193]
7f8bcc5bf000-7f8bcc5c0000 ---p 00000000 00:00 0 
7f8bcc5c0000-7f8bcc6c0000 rw-p 00000000 00:00 0                          [stack:23192]
7f8bcc6c0000-7f8bcc6c1000 ---p 00000000 00:00 0 
7f8bcc6c1000-7f8bcc7fe000 rw-p 00000000 00:00 0                          [stack:23191]
7f8bcc7fe000-7f8bcc917000 ---p 00000000 00:00 0 
7f8bcc917000-7f8bcc954000 rw-p 00000000 00:00 0 
7f8bcc954000-7f8bcca6c000 ---p 00000000 00:00 0 
7f8bcca6c000-7f8bccab0000 rw-p 00000000 00:00 0 
7f8bccab0000-7f8bccb17000 ---p 00000000 00:00 0 
7f8bccb17000-7f8bccb32000 rw-p 00000000 00:00 0 
7f8bccb32000-7f8bcced8000 ---p 00000000 00:00 0 
7f8bcced8000-7f8bccef2000 r-xp 00000000 08:05 3295742                    /usr/lib/jvm/java-8-oracle/jre/lib/amd64/libzip.so
7f8bccef2000-7f8bcd0f2000 ---p 0001a000 08:05 3295742                    /usr/lib/jvm/java-8-oracle/jre/lib/amd64/libzip.so
7f8bcd0f2000-7f8bcd0f3000 rw-p 0001a000 08:05 3295742                    /usr/lib/jvm/java-8-oracle/jre/lib/amd64/libzip.so
7f8bcd0f3000-7f8bcd0fe000 r-xp 00000000 08:05 1056963                    /lib/x86_64-linux-gnu/libnss_files-2.19.so
7f8bcd0fe000-7f8bcd2fd000 ---p 0000b000 08:05 1056963                    /lib/x86_64-linux-gnu/libnss_files-2.19.so
7f8bcd2fd000-7f8bcd2fe000 r--p 0000a000 08:05 1056963                    /lib/x86_64-linux-gnu/libnss_files-2.19.so
7f8bcd2fe000-7f8bcd2ff000 rw-p 0000b000 08:05 1056963                    /lib/x86_64-linux-gnu/libnss_files-2.19.so
7f8bcd2ff000-7f8bcd30a000 r-xp 00000000 08:05 1056894                    /lib/x86_64-linux-gnu/libnss_nis-2.19.so
7f8bcd30a000-7f8bcd509000 ---p 0000b000 08:05 1056894                    /lib/x86_64-linux-gnu/libnss_nis-2.19.so
7f8bcd509000-7f8bcd50a000 r--p 0000a000 08:05 1056894                    /lib/x86_64-linux-gnu/libnss_nis-2.19.so
7f8bcd50a000-7f8bcd50b000 rw-p 0000b000 08:05 1056894                    /lib/x86_64-linux-gnu/libnss_nis-2.19.so
7f8bcd50b000-7f8bcd522000 r-xp 00000000 08:05 1056890                    /lib/x86_64-linux-gnu/libnsl-2.19.so
7f8bcd522000-7f8bcd721000 ---p 00017000 08:05 1056890                    /lib/x86_64-linux-gnu/libnsl-2.19.so
7f8bcd721000-7f8bcd722000 r--p 00016000 08:05 1056890                    /lib/x86_64-linux-gnu/libnsl-2.19.so
7f8bcd722000-7f8bcd723000 rw-p 00017000 08:05 1056890                    /lib/x86_64-linux-gnu/libnsl-2.19.so
7f8bcd723000-7f8bcd725000 rw-p 00000000 00:00 0 
7f8bcd725000-7f8bcd72e000 r-xp 00000000 08:05 1056889                    /lib/x86_64-linux-gnu/libnss_compat-2.19.so
7f8bcd72e000-7f8bcd92d000 ---p 00009000 08:05 1056889                    /lib/x86_64-linux-gnu/libnss_compat-2.19.so
7f8bcd92d000-7f8bcd92e000 r--p 00008000 08:05 1056889                    /lib/x86_64-linux-gnu/libnss_compat-2.19.so
7f8bcd92e000-7f8bcd92f000 rw-p 00009000 08:05 1056889                    /lib/x86_64-linux-gnu/libnss_compat-2.19.so
7f8bcd92f000-7f8bcd959000 r-xp 00000000 08:05 3295772                    /usr/lib/jvm/java-8-oracle/jre/lib/amd64/libjava.so
7f8bcd959000-7f8bcdb59000 ---p 0002a000 08:05 3295772                    /usr/lib/jvm/java-8-oracle/jre/lib/amd64/libjava.so
7f8bcdb59000-7f8bcdb5b000 rw-p 0002a000 08:05 3295772                    /usr/lib/jvm/java-8-oracle/jre/lib/amd64/libjava.so
7f8bcdb5b000-7f8bcdb68000 r-xp 00000000 08:05 3295769                    /usr/lib/jvm/java-8-oracle/jre/lib/amd64/libverify.so
7f8bcdb68000-7f8bcdd68000 ---p 0000d000 08:05 3295769                    /usr/lib/jvm/java-8-oracle/jre/lib/amd64/libverify.so
7f8bcdd68000-7f8bcdd6a000 rw-p 0000d000 08:05 3295769                    /usr/lib/jvm/java-8-oracle/jre/lib/amd64/libverify.so
7f8bcdd6a000-7f8bcdd71000 r-xp 00000000 08:05 1056898                    /lib/x86_64-linux-gnu/librt-2.19.so
7f8bcdd71000-7f8bcdf70000 ---p 00007000 08:05 1056898                    /lib/x86_64-linux-gnu/librt-2.19.so
7f8bcdf70000-7f8bcdf71000 r--p 00006000 08:05 1056898                    /lib/x86_64-linux-gnu/librt-2.19.so
7f8bcdf71000-7f8bcdf72000 rw-p 00007000 08:05 1056898                    /lib/x86_64-linux-gnu/librt-2.19.so
7f8bcdf72000-7f8bce077000 r-xp 00000000 08:05 1056560                    /lib/x86_64-linux-gnu/libm-2.19.so
7f8bce077000-7f8bce276000 ---p 00105000 08:05 1056560                    /lib/x86_64-linux-gnu/libm-2.19.so
7f8bce276000-7f8bce277000 r--p 00104000 08:05 1056560                    /lib/x86_64-linux-gnu/libm-2.19.so
7f8bce277000-7f8bce278000 rw-p 00105000 08:05 1056560                    /lib/x86_64-linux-gnu/libm-2.19.so
7f8bce278000-7f8bcef37000 r-xp 00000000 08:05 3295763                    /usr/lib/jvm/java-8-oracle/jre/lib/amd64/server/libjvm.so
7f8bcef37000-7f8bcf136000 ---p 00cbf000 08:05 3295763                    /usr/lib/jvm/java-8-oracle/jre/lib/amd64/server/libjvm.so
7f8bcf136000-7f8bcf20f000 rw-p 00cbe000 08:05 3295763                    /usr/lib/jvm/java-8-oracle/jre/lib/amd64/server/libjvm.so
7f8bcf20f000-7f8bcf258000 rw-p 00000000 00:00 0 
7f8bcf258000-7f8bcf413000 r-xp 00000000 08:05 1056899                    /lib/x86_64-linux-gnu/libc-2.19.so
7f8bcf413000-7f8bcf612000 ---p 001bb000 08:05 1056899                    /lib/x86_64-linux-gnu/libc-2.19.so
7f8bcf612000-7f8bcf616000 r--p 001ba000 08:05 1056899                    /lib/x86_64-linux-gnu/libc-2.19.so
7f8bcf616000-7f8bcf618000 rw-p 001be000 08:05 1056899                    /lib/x86_64-linux-gnu/libc-2.19.so
7f8bcf618000-7f8bcf61d000 rw-p 00000000 00:00 0 
7f8bcf61d000-7f8bcf620000 r-xp 00000000 08:05 1056606                    /lib/x86_64-linux-gnu/libdl-2.19.so
7f8bcf620000-7f8bcf81f000 ---p 00003000 08:05 1056606                    /lib/x86_64-linux-gnu/libdl-2.19.so
7f8bcf81f000-7f8bcf820000 r--p 00002000 08:05 1056606                    /lib/x86_64-linux-gnu/libdl-2.19.so
7f8bcf820000-7f8bcf821000 rw-p 00003000 08:05 1056606                    /lib/x86_64-linux-gnu/libdl-2.19.so
7f8bcf821000-7f8bcf836000 r-xp 00000000 08:05 3290785                    /usr/lib/jvm/java-8-oracle/lib/amd64/jli/libjli.so
7f8bcf836000-7f8bcfa36000 ---p 00015000 08:05 3290785                    /usr/lib/jvm/java-8-oracle/lib/amd64/jli/libjli.so
7f8bcfa36000-7f8bcfa37000 rw-p 00015000 08:05 3290785                    /usr/lib/jvm/java-8-oracle/lib/amd64/jli/libjli.so
7f8bcfa37000-7f8bcfa50000 r-xp 00000000 08:05 1056891                    /lib/x86_64-linux-gnu/libpthread-2.19.so
7f8bcfa50000-7f8bcfc4f000 ---p 00019000 08:05 1056891                    /lib/x86_64-linux-gnu/libpthread-2.19.so
7f8bcfc4f000-7f8bcfc50000 r--p 00018000 08:05 1056891                    /lib/x86_64-linux-gnu/libpthread-2.19.so
7f8bcfc50000-7f8bcfc51000 rw-p 00019000 08:05 1056891                    /lib/x86_64-linux-gnu/libpthread-2.19.so
7f8bcfc51000-7f8bcfc55000 rw-p 00000000 00:00 0 
7f8bcfc55000-7f8bcfc78000 r-xp 00000000 08:05 1056892                    /lib/x86_64-linux-gnu/ld-2.19.so
7f8bcfc7d000-7f8bcfd57000 rw-p 00000000 00:00 0 
7f8bcfd57000-7f8bcfd5a000 ---p 00000000 00:00 0 
7f8bcfd5a000-7f8bcfe5c000 rw-p 00000000 00:00 0                          [stack:23188]
7f8bcfe5c000-7f8bcfe6b000 r--s 000dd000 08:05 524435                     /root/Android/Sdk/build-tools/21.1.2/lib/dx.jar
7f8bcfe6b000-7f8bcfe73000 rw-s 00000000 08:05 271458                     /tmp/hsperfdata_root/23186
7f8bcfe73000-7f8bcfe74000 rw-p 00000000 00:00 0 
7f8bcfe74000-7f8bcfe75000 ---p 00000000 00:00 0 
7f8bcfe75000-7f8bcfe77000 rw-p 00000000 00:00 0 
7f8bcfe77000-7f8bcfe78000 r--p 00022000 08:05 1056892                    /lib/x86_64-linux-gnu/ld-2.19.so
7f8bcfe78000-7f8bcfe79000 rw-p 00023000 08:05 1056892                    /lib/x86_64-linux-gnu/ld-2.19.so
7f8bcfe79000-7f8bcfe7a000 rw-p 00000000 00:00 0 
7fffac383000-7fffac3a4000 rw-p 00000000 00:00 0                          [stack]
7fffac3b7000-7fffac3b9000 r-xp 00000000 00:00 0                          [vdso]
7fffac3b9000-7fffac3bb000 r--p 00000000 00:00 0                          [vvar]
ffffffffff600000-ffffffffff601000 r-xp 00000000 00:00 0                  [vsyscall]

VM Arguments:
jvm_args: -Xmx1024M -Dfile.encoding=UTF-8 -Duser.country=US -Duser.language=en -Duser.variant 
java_command: com.android.dx.command.Main --dex --output /home/raluca/Documents/Ceretare/Mobiway_v1.0/TrafficCollector/app/build/intermediates/pre-dexed/debug/classes-330bcab979f1c3de373a7ed87f5e81e8800d6174.jar /home/raluca/Documents/Ceretare/Mobiway_v1.0/TrafficCollector/app/build/intermediates/exploded-aar/com.google.android.gms/play-services-analytics/7.0.0/classes.jar
java_class_path (initial): /root/Android/Sdk/build-tools/21.1.2/lib/dx.jar
Launcher Type: SUN_STANDARD

Environment Variables:
CLASSPATH=./android-studio/bin/../lib/bootstrap.jar:./android-studio/bin/../lib/extensions.jar:./android-studio/bin/../lib/util.jar:./android-studio/bin/../lib/jdom.jar:./android-studio/bin/../lib/log4j.jar:./android-studio/bin/../lib/trove4j.jar:./android-studio/bin/../lib/jna.jar:/usr/lib/jvm/java-8-oracle/lib/tools.jar
PATH=/usr/local/sbin:/usr/local/bin:/usr/sbin:/usr/bin:/sbin:/bin
USERNAME=root
LD_LIBRARY_PATH=./android-studio/bin:
SHELL=/bin/bash
DISPLAY=:0

Signal Handlers:
SIGSEGV: [libjvm.so+0xabb070], sa_mask[0]=11111111011111111101111111111110, sa_flags=SA_RESTART|SA_SIGINFO
SIGBUS: [libjvm.so+0xabb070], sa_mask[0]=11111111011111111101111111111110, sa_flags=SA_RESTART|SA_SIGINFO
SIGFPE: [libjvm.so+0x918480], sa_mask[0]=11111111011111111101111111111110, sa_flags=SA_RESTART|SA_SIGINFO
SIGPIPE: [libjvm.so+0x918480], sa_mask[0]=11111111011111111101111111111110, sa_flags=SA_RESTART|SA_SIGINFO
SIGXFSZ: [libjvm.so+0x918480], sa_mask[0]=11111111011111111101111111111110, sa_flags=SA_RESTART|SA_SIGINFO
SIGILL: [libjvm.so+0x918480], sa_mask[0]=11111111011111111101111111111110, sa_flags=SA_RESTART|SA_SIGINFO
SIGUSR1: SIG_DFL, sa_mask[0]=00000000000000000000000000000000, sa_flags=none
SIGUSR2: [libjvm.so+0x919ab0], sa_mask[0]=00100000000000000000000000000000, sa_flags=SA_RESTART|SA_SIGINFO
SIGHUP: [libjvm.so+0x91aeb0], sa_mask[0]=11111111011111111101111111111110, sa_flags=SA_RESTART|SA_SIGINFO
SIGINT: [libjvm.so+0x91aeb0], sa_mask[0]=11111111011111111101111111111110, sa_flags=SA_RESTART|SA_SIGINFO
SIGTERM: [libjvm.so+0x91aeb0], sa_mask[0]=11111111011111111101111111111110, sa_flags=SA_RESTART|SA_SIGINFO
SIGQUIT: [libjvm.so+0x91aeb0], sa_mask[0]=11111111011111111101111111111110, sa_flags=SA_RESTART|SA_SIGINFO


---------------  S Y S T E M  ---------------

OS:DISTRIB_ID=Ubuntu
DISTRIB_RELEASE=14.04
DISTRIB_CODENAME=trusty
DISTRIB_DESCRIPTION="Ubuntu 14.04.4 LTS"

uname:Linux 3.16.0-62-generic #83~14.04.1-Ubuntu SMP Fri Feb 26 22:52:39 UTC 2016 x86_64
libc:glibc 2.19 NPTL 2.19 
rlimit: STACK 8192k, CORE 0k, NPROC 31309, NOFILE 4096, AS infinity
load average:10.46 4.25 1.92

/proc/meminfo:
MemTotal:        8036592 kB
MemFree:          143236 kB
MemAvailable:     110644 kB
Buffers:            2936 kB
Cached:           710084 kB
SwapCached:            0 kB
Active:          6964648 kB
Inactive:         654008 kB
Active(anon):    6939952 kB
Inactive(anon):   633724 kB
Active(file):      24696 kB
Inactive(file):    20284 kB
Unevictable:         784 kB
Mlocked:             784 kB
SwapTotal:             0 kB
SwapFree:              0 kB
Dirty:               292 kB
Writeback:             0 kB
AnonPages:       6906708 kB
Mapped:           384828 kB
Shmem:            667812 kB
Slab:             104236 kB
SReclaimable:      58768 kB
SUnreclaim:        45468 kB
KernelStack:       15216 kB
PageTables:        67048 kB
NFS_Unstable:          0 kB
Bounce:                0 kB
WritebackTmp:          0 kB
CommitLimit:     4018296 kB
Committed_AS:   14839236 kB
VmallocTotal:   34359738367 kB
VmallocUsed:      408604 kB
VmallocChunk:   34359275468 kB
HardwareCorrupted:     0 kB
AnonHugePages:   2158592 kB
HugePages_Total:       0
HugePages_Free:        0
HugePages_Rsvd:        0
HugePages_Surp:        0
Hugepagesize:       2048 kB
DirectMap4k:      177944 kB
DirectMap2M:     8071168 kB


CPU:total 4 (2 cores per cpu, 2 threads per core) family 6 model 58 stepping 9, cmov, cx8, fxsr, mmx, sse, sse2, sse3, ssse3, sse4.1, sse4.2, popcnt, avx, aes, clmul, erms, ht, tsc, tscinvbit, tscinv

/proc/cpuinfo:
processor	: 0
vendor_id	: GenuineIntel
cpu family	: 6
model		: 58
model name	: Intel(R) Core(TM) i5-3210M CPU @ 2.50GHz
stepping	: 9
microcode	: 0x12
cpu MHz		: 2900.000
cache size	: 3072 KB
physical id	: 0
siblings	: 4
core id		: 0
cpu cores	: 2
apicid		: 0
initial apicid	: 0
fpu		: yes
fpu_exception	: yes
cpuid level	: 13
wp		: yes
flags		: fpu vme de pse tsc msr pae mce cx8 apic sep mtrr pge mca cmov pat pse36 clflush dts acpi mmx fxsr sse sse2 ss ht tm pbe syscall nx rdtscp lm constant_tsc arch_perfmon pebs bts rep_good nopl xtopology nonstop_tsc aperfmperf eagerfpu pni pclmulqdq dtes64 monitor ds_cpl vmx est tm2 ssse3 cx16 xtpr pdcm pcid sse4_1 sse4_2 x2apic popcnt tsc_deadline_timer aes xsave avx f16c rdrand lahf_lm ida arat epb xsaveopt pln pts dtherm tpr_shadow vnmi flexpriority ept vpid fsgsbase smep erms
bogomips	: 4989.11
clflush size	: 64
cache_alignment	: 64
address sizes	: 36 bits physical, 48 bits virtual
power management:

processor	: 1
vendor_id	: GenuineIntel
cpu family	: 6
model		: 58
model name	: Intel(R) Core(TM) i5-3210M CPU @ 2.50GHz
stepping	: 9
microcode	: 0x12
cpu MHz		: 2900.000
cache size	: 3072 KB
physical id	: 0
siblings	: 4
core id		: 0
cpu cores	: 2
apicid		: 1
initial apicid	: 1
fpu		: yes
fpu_exception	: yes
cpuid level	: 13
wp		: yes
flags		: fpu vme de pse tsc msr pae mce cx8 apic sep mtrr pge mca cmov pat pse36 clflush dts acpi mmx fxsr sse sse2 ss ht tm pbe syscall nx rdtscp lm constant_tsc arch_perfmon pebs bts rep_good nopl xtopology nonstop_tsc aperfmperf eagerfpu pni pclmulqdq dtes64 monitor ds_cpl vmx est tm2 ssse3 cx16 xtpr pdcm pcid sse4_1 sse4_2 x2apic popcnt tsc_deadline_timer aes xsave avx f16c rdrand lahf_lm ida arat epb xsaveopt pln pts dtherm tpr_shadow vnmi flexpriority ept vpid fsgsbase smep erms
bogomips	: 4989.11
clflush size	: 64
cache_alignment	: 64
address sizes	: 36 bits physical, 48 bits virtual
power management:

processor	: 2
vendor_id	: GenuineIntel
cpu family	: 6
model		: 58
model name	: Intel(R) Core(TM) i5-3210M CPU @ 2.50GHz
stepping	: 9
microcode	: 0x12
cpu MHz		: 2917.382
cache size	: 3072 KB
physical id	: 0
siblings	: 4
core id		: 1
cpu cores	: 2
apicid		: 2
initial apicid	: 2
fpu		: yes
fpu_exception	: yes
cpuid level	: 13
wp		: yes
flags		: fpu vme de pse tsc msr pae mce cx8 apic sep mtrr pge mca cmov pat pse36 clflush dts acpi mmx fxsr sse sse2 ss ht tm pbe syscall nx rdtscp lm constant_tsc arch_perfmon pebs bts rep_good nopl xtopology nonstop_tsc aperfmperf eagerfpu pni pclmulqdq dtes64 monitor ds_cpl vmx est tm2 ssse3 cx16 xtpr pdcm pcid sse4_1 sse4_2 x2apic popcnt tsc_deadline_timer aes xsave avx f16c rdrand lahf_lm ida arat epb xsaveopt pln pts dtherm tpr_shadow vnmi flexpriority ept vpid fsgsbase smep erms
bogomips	: 4989.11
clflush size	: 64
cache_alignment	: 64
address sizes	: 36 bits physical, 48 bits virtual
power management:

processor	: 3
vendor_id	: GenuineIntel
cpu family	: 6
model		: 58
model name	: Intel(R) Core(TM) i5-3210M CPU @ 2.50GHz
stepping	: 9
microcode	: 0x12
cpu MHz		: 2917.382
cache size	: 3072 KB
physical id	: 0
siblings	: 4
core id		: 1
cpu cores	: 2
apicid		: 3
initial apicid	: 3
fpu		: yes
fpu_exception	: yes
cpuid level	: 13
wp		: yes
flags		: fpu vme de pse tsc msr pae mce cx8 apic sep mtrr pge mca cmov pat pse36 clflush dts acpi mmx fxsr sse sse2 ss ht tm pbe syscall nx rdtscp lm constant_tsc arch_perfmon pebs bts rep_good nopl xtopology nonstop_tsc aperfmperf eagerfpu pni pclmulqdq dtes64 monitor ds_cpl vmx est tm2 ssse3 cx16 xtpr pdcm pcid sse4_1 sse4_2 x2apic popcnt tsc_deadline_timer aes xsave avx f16c rdrand lahf_lm ida arat epb xsaveopt pln pts dtherm tpr_shadow vnmi flexpriority ept vpid fsgsbase smep erms
bogomips	: 4989.11
clflush size	: 64
cache_alignment	: 64
address sizes	: 36 bits physical, 48 bits virtual
power management:



Memory: 4k page, physical 8036592k(143236k free), swap 0k(0k free)

vm_info: Java HotSpot(TM) 64-Bit Server VM (25.74-b02) for linux-amd64 JRE (1.8.0_74-b02), built on Jan 29 2016 19:20:56 by "java_re" with gcc 4.3.0 20080428 (Red Hat 4.3.0-8)

time: Sat Apr  9 22:39:30 2016
elapsed time: 12 seconds (0d 0h 0m 12s)

