#
# There is insufficient memory for the Java Runtime Environment to continue.
# Native memory allocation (mmap) failed to map 173539328 bytes for committing reserved memory.
# Possible reasons:
#   The system is out of physical RAM or swap space
#   In 32 bit mode, the process size limit was hit
# Possible solutions:
#   Reduce memory load on the system
#   Increase physical memory or swap space
#   Check if swap backing store is full
#   Use 64 bit Java on a 64 bit OS
#   Decrease Java heap size (-Xmx/-Xms)
#   Decrease number of Java threads
#   Decrease Java thread stack sizes (-Xss)
#   Set larger code cache with -XX:ReservedCodeCacheSize=
# This output file may be truncated or incomplete.
#
#  Out of Memory Error (os_linux.cpp:2627), pid=19333, tid=140099919537920
#
# JRE version: Java(TM) SE Runtime Environment (8.0_74-b02) (build 1.8.0_74-b02)
# Java VM: Java HotSpot(TM) 64-Bit Server VM (25.74-b02 mixed mode linux-amd64 compressed oops)
# Failed to write core dump. Core dumps have been disabled. To enable core dumping, try "ulimit -c unlimited" before starting Java again
#

---------------  T H R E A D  ---------------

Current thread (0x00007f6bac078000):  VMThread [stack: 0x00007f6b8ddfe000,0x00007f6b8deff000] [id=19348]

Stack: [0x00007f6b8ddfe000,0x00007f6b8deff000],  sp=0x00007f6b8defd2e0,  free space=1020k
Native frames: (J=compiled Java code, j=interpreted, Vv=VM code, C=native code)
V  [libjvm.so+0xaba7ea]  VMError::report_and_die()+0x2ba
V  [libjvm.so+0x4f9e3b]  report_vm_out_of_memory(char const*, int, unsigned long, VMErrorType, char const*)+0x8b
V  [libjvm.so+0x91b613]  os::Linux::commit_memory_impl(char*, unsigned long, bool)+0x103
V  [libjvm.so+0x91bb69]  os::pd_commit_memory(char*, unsigned long, unsigned long, bool)+0x29
V  [libjvm.so+0x915e6a]  os::commit_memory(char*, unsigned long, unsigned long, bool)+0x2a
V  [libjvm.so+0x989543]  PSVirtualSpace::expand_by(unsigned long)+0x53
V  [libjvm.so+0x979e30]  PSOldGen::expand(unsigned long)+0x170
V  [libjvm.so+0x97a03b]  PSOldGen::resize(unsigned long)+0x1cb
V  [libjvm.so+0x981d11]  PSParallelCompact::invoke_no_policy(bool)+0x991
V  [libjvm.so+0x98766d]  PSScavenge::invoke()+0x1ad
V  [libjvm.so+0x93f300]  ParallelScavengeHeap::failed_mem_allocate(unsigned long)+0x70
V  [libjvm.so+0xabc207]  VM_ParallelGCFailedAllocation::doit()+0x97
V  [libjvm.so+0xac3c35]  VM_Operation::evaluate()+0x55
V  [libjvm.so+0xac200a]  VMThread::evaluate_operation(VM_Operation*)+0xba
V  [libjvm.so+0xac238e]  VMThread::loop()+0x1ce
V  [libjvm.so+0xac2800]  VMThread::run()+0x70
V  [libjvm.so+0x91d9d8]  java_start(Thread*)+0x108

VM_Operation (0x00007f6bb4625a30): ParallelGCFailedAllocation, mode: safepoint, requested by thread 0x00007f6bac00a000


---------------  P R O C E S S  ---------------

Java Threads: ( => current thread )
  0x00007f6bac0c0800 JavaThread "Service Thread" daemon [_thread_blocked, id=19356, stack(0x00007f6b8d015000,0x00007f6b8d116000)]
  0x00007f6bac0bd800 JavaThread "C1 CompilerThread2" daemon [_thread_blocked, id=19355, stack(0x00007f6b8d116000,0x00007f6b8d217000)]
  0x00007f6bac0bb800 JavaThread "C2 CompilerThread1" daemon [_thread_blocked, id=19354, stack(0x00007f6b8d217000,0x00007f6b8d318000)]
  0x00007f6bac0b9000 JavaThread "C2 CompilerThread0" daemon [_thread_blocked, id=19353, stack(0x00007f6b8d318000,0x00007f6b8d419000)]
  0x00007f6bac0b7800 JavaThread "Signal Dispatcher" daemon [_thread_blocked, id=19352, stack(0x00007f6b8d419000,0x00007f6b8d51a000)]
  0x00007f6bac084000 JavaThread "Finalizer" daemon [_thread_blocked, id=19350, stack(0x00007f6b8dbfc000,0x00007f6b8dcfd000)]
  0x00007f6bac07f800 JavaThread "Reference Handler" daemon [_thread_blocked, id=19349, stack(0x00007f6b8dcfd000,0x00007f6b8ddfe000)]
  0x00007f6bac00a000 JavaThread "main" [_thread_blocked, id=19338, stack(0x00007f6bb4527000,0x00007f6bb4628000)]

Other Threads:
=>0x00007f6bac078000 VMThread [stack: 0x00007f6b8ddfe000,0x00007f6b8deff000] [id=19348]
  0x00007f6bac0c3800 WatcherThread [stack: 0x00007f6b8cf14000,0x00007f6b8d015000] [id=19358]

VM state:at safepoint (normal execution)

VM Mutex/Monitor currently owned by a thread:  ([mutex/lock_event])
[0x00007f6bac005e40] ExpandHeap_lock - owner thread: 0x00007f6bac078000
[0x00007f6bac0064c0] Threads_lock - owner thread: 0x00007f6bac078000
[0x00007f6bac0069c0] Heap_lock - owner thread: 0x00007f6bac00a000

Heap:
 PSYoungGen      total 232960K, used 0K [0x00000000eab00000, 0x0000000100000000, 0x0000000100000000)
  eden space 116736K, 0% used [0x00000000eab00000,0x00000000eab00000,0x00000000f1d00000)
  from space 116224K, 0% used [0x00000000f1d00000,0x00000000f1d00000,0x00000000f8e80000)
  to   space 116224K, 0% used [0x00000000f8e80000,0x00000000f8e80000,0x0000000100000000)
 ParOldGen       total 427008K, used 385919K [0x00000000c0000000, 0x00000000da100000, 0x00000000eab00000)
  object space 427008K, 90% used [0x00000000c0000000,0x00000000d78dfce0,0x00000000da100000)
 Metaspace       used 6186K, capacity 7216K, committed 7296K, reserved 1056768K
  class space    used 580K, capacity 616K, committed 640K, reserved 1048576K

Card table byte_map: [0x00007f6bb10ec000,0x00007f6bb12ed000] byte_map_base: 0x00007f6bb0aec000

Marking Bits: (ParMarkBitMap*) 0x00007f6bb3a02260
 Begin Bits: [0x00007f6b8e000000, 0x00007f6b8f000000)
 End Bits:   [0x00007f6b8f000000, 0x00007f6b90000000)

Polling page: 0x00007f6bb4649000

CodeCache: size=245760Kb used=11809Kb max_used=12306Kb free=233950Kb
 bounds [0x00007f6b9d000000, 0x00007f6b9dc20000, 0x00007f6bac000000]
 total_blobs=2525 nmethods=2260 adapters=178
 compilation: enabled

Compilation events (10 events):
Event: 25.306 Thread 0x00007f6bac0bd800 2445       3       com.android.dx.rop.code.Rops::opXor (21 bytes)
Event: 25.306 Thread 0x00007f6bac0bd800 nmethod 2445 0x00007f6b9dbc3d10 code [0x00007f6b9dbc3e80, 0x00007f6b9dbc4048]
Event: 25.587 Thread 0x00007f6bac0b9000 2446       4       com.android.dx.ssa.SCCP::simulateMath (424 bytes)
Event: 25.597 Thread 0x00007f6bac0b9000 nmethod 2446 0x00007f6b9dbd1c90 code [0x00007f6b9dbd1ee0, 0x00007f6b9dbd2578]
Event: 25.690 Thread 0x00007f6bac0bb800 2447       4       java.lang.String::substring (79 bytes)
Event: 25.692 Thread 0x00007f6bac0b9000 2448   !   4       com.android.dx.cf.direct.AttributeListParser::parse (323 bytes)
Event: 25.694 Thread 0x00007f6bac0bb800 nmethod 2447 0x00007f6b9d10b4d0 code [0x00007f6b9d10b640, 0x00007f6b9d10ba58]
Event: 25.694 Thread 0x00007f6bac0bb800 2449       4       java.util.HashMap::tableSizeFor (59 bytes)
Event: 25.695 Thread 0x00007f6bac0bb800 nmethod 2449 0x00007f6b9d117510 code [0x00007f6b9d117660, 0x00007f6b9d1176f8]
Event: 25.698 Thread 0x00007f6bac0b9000 nmethod 2448 0x00007f6b9dbd12d0 code [0x00007f6b9dbd1460, 0x00007f6b9dbd1848]

GC Heap History (10 events):
Event: 21.145 GC heap after
Heap after GC invocations=18 (full 3):
 PSYoungGen      total 279040K, used 39856K [0x00000000eab00000, 0x0000000100000000, 0x0000000100000000)
  eden space 208896K, 0% used [0x00000000eab00000,0x00000000eab00000,0x00000000f7700000)
  from space 70144K, 56% used [0x00000000f7700000,0x00000000f9dec248,0x00000000fbb80000)
  to   space 69632K, 0% used [0x00000000fbc00000,0x00000000fbc00000,0x0000000100000000)
 ParOldGen       total 427008K, used 266550K [0x00000000c0000000, 0x00000000da100000, 0x00000000eab00000)
  object space 427008K, 62% used [0x00000000c0000000,0x00000000d044daf8,0x00000000da100000)
 Metaspace       used 6175K, capacity 7216K, committed 7296K, reserved 1056768K
  class space    used 578K, capacity 616K, committed 640K, reserved 1048576K
}
Event: 23.724 GC heap before
{Heap before GC invocations=19 (full 3):
 PSYoungGen      total 279040K, used 248742K [0x00000000eab00000, 0x0000000100000000, 0x0000000100000000)
  eden space 208896K, 99% used [0x00000000eab00000,0x00000000f76fd8d0,0x00000000f7700000)
  from space 70144K, 56% used [0x00000000f7700000,0x00000000f9dec248,0x00000000fbb80000)
  to   space 69632K, 0% used [0x00000000fbc00000,0x00000000fbc00000,0x0000000100000000)
 ParOldGen       total 427008K, used 266550K [0x00000000c0000000, 0x00000000da100000, 0x00000000eab00000)
  object space 427008K, 62% used [0x00000000c0000000,0x00000000d044daf8,0x00000000da100000)
 Metaspace       used 6186K, capacity 7216K, committed 7296K, reserved 1056768K
  class space    used 580K, capacity 616K, committed 640K, reserved 1048576K
Event: 23.782 GC heap after
Heap after GC invocations=19 (full 3):
 PSYoungGen      total 264192K, used 62909K [0x00000000eab00000, 0x0000000100000000, 0x0000000100000000)
  eden space 194560K, 0% used [0x00000000eab00000,0x00000000eab00000,0x00000000f6900000)
  from space 69632K, 90% used [0x00000000fbc00000,0x00000000ff96f618,0x0000000100000000)
  to   space 77312K, 0% used [0x00000000f6900000,0x00000000f6900000,0x00000000fb480000)
 ParOldGen       total 427008K, used 266550K [0x00000000c0000000, 0x00000000da100000, 0x00000000eab00000)
  object space 427008K, 62% used [0x00000000c0000000,0x00000000d044daf8,0x00000000da100000)
 Metaspace       used 6186K, capacity 7216K, committed 7296K, reserved 1056768K
  class space    used 580K, capacity 616K, committed 640K, reserved 1048576K
}
Event: 24.548 GC heap before
{Heap before GC invocations=20 (full 3):
 PSYoungGen      total 264192K, used 257469K [0x00000000eab00000, 0x0000000100000000, 0x0000000100000000)
  eden space 194560K, 100% used [0x00000000eab00000,0x00000000f6900000,0x00000000f6900000)
  from space 69632K, 90% used [0x00000000fbc00000,0x00000000ff96f618,0x0000000100000000)
  to   space 77312K, 0% used [0x00000000f6900000,0x00000000f6900000,0x00000000fb480000)
 ParOldGen       total 427008K, used 266550K [0x00000000c0000000, 0x00000000da100000, 0x00000000eab00000)
  object space 427008K, 62% used [0x00000000c0000000,0x00000000d044daf8,0x00000000da100000)
 Metaspace       used 6186K, capacity 7216K, committed 7296K, reserved 1056768K
  class space    used 580K, capacity 616K, committed 640K, reserved 1048576K
Event: 24.677 GC heap after
Heap after GC invocations=20 (full 3):
 PSYoungGen      total 271872K, used 77302K [0x00000000eab00000, 0x0000000100000000, 0x0000000100000000)
  eden space 194560K, 0% used [0x00000000eab00000,0x00000000eab00000,0x00000000f6900000)
  from space 77312K, 99% used [0x00000000f6900000,0x00000000fb47d940,0x00000000fb480000)
  to   space 77312K, 0% used [0x00000000fb480000,0x00000000fb480000,0x0000000100000000)
 ParOldGen       total 427008K, used 298561K [0x00000000c0000000, 0x00000000da100000, 0x00000000eab00000)
  object space 427008K, 69% used [0x00000000c0000000,0x00000000d2390768,0x00000000da100000)
 Metaspace       used 6186K, capacity 7216K, committed 7296K, reserved 1056768K
  class space    used 580K, capacity 616K, committed 640K, reserved 1048576K
}
Event: 25.402 GC heap before
{Heap before GC invocations=21 (full 3):
 PSYoungGen      total 271872K, used 271862K [0x00000000eab00000, 0x0000000100000000, 0x0000000100000000)
  eden space 194560K, 100% used [0x00000000eab00000,0x00000000f6900000,0x00000000f6900000)
  from space 77312K, 99% used [0x00000000f6900000,0x00000000fb47d940,0x00000000fb480000)
  to   space 77312K, 0% used [0x00000000fb480000,0x00000000fb480000,0x0000000100000000)
 ParOldGen       total 427008K, used 298561K [0x00000000c0000000, 0x00000000da100000, 0x00000000eab00000)
  object space 427008K, 69% used [0x00000000c0000000,0x00000000d2390768,0x00000000da100000)
 Metaspace       used 6186K, capacity 7216K, committed 7296K, reserved 1056768K
  class space    used 580K, capacity 616K, committed 640K, reserved 1048576K
Event: 25.530 GC heap after
Heap after GC invocations=21 (full 3):
 PSYoungGen      total 194048K, used 77311K [0x00000000eab00000, 0x0000000100000000, 0x0000000100000000)
  eden space 116736K, 0% used [0x00000000eab00000,0x00000000eab00000,0x00000000f1d00000)
  from space 77312K, 99% used [0x00000000fb480000,0x00000000fffffd88,0x0000000100000000)
  to   space 116224K, 0% used [0x00000000f1d00000,0x00000000f1d00000,0x00000000f8e80000)
 ParOldGen       total 427008K, used 339480K [0x00000000c0000000, 0x00000000da100000, 0x00000000eab00000)
  object space 427008K, 79% used [0x00000000c0000000,0x00000000d4b86118,0x00000000da100000)
 Metaspace       used 6186K, capacity 7216K, committed 7296K, reserved 1056768K
  class space    used 580K, capacity 616K, committed 640K, reserved 1048576K
}
Event: 25.837 GC heap before
{Heap before GC invocations=22 (full 3):
 PSYoungGen      total 194048K, used 194047K [0x00000000eab00000, 0x0000000100000000, 0x0000000100000000)
  eden space 116736K, 100% used [0x00000000eab00000,0x00000000f1d00000,0x00000000f1d00000)
  from space 77312K, 99% used [0x00000000fb480000,0x00000000fffffd88,0x0000000100000000)
  to   space 116224K, 0% used [0x00000000f1d00000,0x00000000f1d00000,0x00000000f8e80000)
 ParOldGen       total 427008K, used 339480K [0x00000000c0000000, 0x00000000da100000, 0x00000000eab00000)
  object space 427008K, 79% used [0x00000000c0000000,0x00000000d4b86118,0x00000000da100000)
 Metaspace       used 6186K, capacity 7216K, committed 7296K, reserved 1056768K
  class space    used 580K, capacity 616K, committed 640K, reserved 1048576K
Event: 26.301 GC heap after
Heap after GC invocations=22 (full 3):
 PSYoungGen      total 232960K, used 46219K [0x00000000eab00000, 0x0000000100000000, 0x0000000100000000)
  eden space 116736K, 0% used [0x00000000eab00000,0x00000000eab00000,0x00000000f1d00000)
  from space 116224K, 39% used [0x00000000f1d00000,0x00000000f4a22d98,0x00000000f8e80000)
  to   space 116224K, 0% used [0x00000000f8e80000,0x00000000f8e80000,0x0000000100000000)
 ParOldGen       total 427008K, used 378690K [0x00000000c0000000, 0x00000000da100000, 0x00000000eab00000)
  object space 427008K, 88% used [0x00000000c0000000,0x00000000d71d0bb0,0x00000000da100000)
 Metaspace       used 6186K, capacity 7216K, committed 7296K, reserved 1056768K
  class space    used 580K, capacity 616K, committed 640K, reserved 1048576K
}
Event: 26.477 GC heap before
{Heap before GC invocations=23 (full 4):
 PSYoungGen      total 232960K, used 46219K [0x00000000eab00000, 0x0000000100000000, 0x0000000100000000)
  eden space 116736K, 0% used [0x00000000eab00000,0x00000000eab00000,0x00000000f1d00000)
  from space 116224K, 39% used [0x00000000f1d00000,0x00000000f4a22d98,0x00000000f8e80000)
  to   space 116224K, 0% used [0x00000000f8e80000,0x00000000f8e80000,0x0000000100000000)
 ParOldGen       total 427008K, used 378690K [0x00000000c0000000, 0x00000000da100000, 0x00000000eab00000)
  object space 427008K, 88% used [0x00000000c0000000,0x00000000d71d0bb0,0x00000000da100000)
 Metaspace       used 6186K, capacity 7216K, committed 7296K, reserved 1056768K
  class space    used 580K, capacity 616K, committed 640K, reserved 1048576K

Deoptimization events (10 events):
Event: 23.544 Thread 0x00007f6bac00a000 Uncommon trap: reason=class_check action=maybe_recompile pc=0x00007f6b9d85209c method=com.android.dx.ssa.back.InterferenceGraph.mergeInterferenceSet(ILcom/android/dx/util/IntSet;)V @ 20
Event: 23.544 Thread 0x00007f6bac00a000 Uncommon trap: reason=class_check action=maybe_recompile pc=0x00007f6b9db216d4 method=com.android.dx.util.BitIntSet.merge(Lcom/android/dx/util/IntSet;)V @ 1
Event: 23.545 Thread 0x00007f6bac00a000 Uncommon trap: reason=class_check action=maybe_recompile pc=0x00007f6b9d85209c method=com.android.dx.ssa.back.InterferenceGraph.mergeInterferenceSet(ILcom/android/dx/util/IntSet;)V @ 20
Event: 23.545 Thread 0x00007f6bac00a000 Uncommon trap: reason=class_check action=maybe_recompile pc=0x00007f6b9db216d4 method=com.android.dx.util.BitIntSet.merge(Lcom/android/dx/util/IntSet;)V @ 1
Event: 23.545 Thread 0x00007f6bac00a000 Uncommon trap: reason=class_check action=maybe_recompile pc=0x00007f6b9d85209c method=com.android.dx.ssa.back.InterferenceGraph.mergeInterferenceSet(ILcom/android/dx/util/IntSet;)V @ 20
Event: 23.545 Thread 0x00007f6bac00a000 Uncommon trap: reason=class_check action=maybe_recompile pc=0x00007f6b9db216d4 method=com.android.dx.util.BitIntSet.merge(Lcom/android/dx/util/IntSet;)V @ 1
Event: 23.551 Thread 0x00007f6bac00a000 Uncommon trap: reason=class_check action=maybe_recompile pc=0x00007f6b9d85209c method=com.android.dx.ssa.back.InterferenceGraph.mergeInterferenceSet(ILcom/android/dx/util/IntSet;)V @ 20
Event: 23.551 Thread 0x00007f6bac00a000 Uncommon trap: reason=class_check action=maybe_recompile pc=0x00007f6b9db216d4 method=com.android.dx.util.BitIntSet.merge(Lcom/android/dx/util/IntSet;)V @ 1
Event: 24.078 Thread 0x00007f6bac00a000 Uncommon trap: reason=class_check action=maybe_recompile pc=0x00007f6b9d7846c0 method=com.android.dx.ssa.SsaConverter.placePhiFunctions(Lcom/android/dx/ssa/SsaMethod;Lcom/android/dx/ssa/LocalVariableInfo;I)V @ 257
Event: 24.181 Thread 0x00007f6bac00a000 Uncommon trap: reason=predicate action=maybe_recompile pc=0x00007f6b9d9c7454 method=com.android.dx.ssa.back.InterferenceGraph.<init>(I)V @ 23

Internal exceptions (10 events):
Event: 1.514 Thread 0x00007f6bac00a000 Exception <a 'java/lang/NoSuchMethodError': Method sun.misc.Unsafe.defineClass(Ljava/lang/String;[BII)Ljava/lang/Class; name or signature does not match> (0x00000000eab07cc0) thrown at [/HUDSON3/workspace/8-2-build-linux-amd64/jdk8u74/6087/hotspot/src/sha
Event: 1.514 Thread 0x00007f6bac00a000 Exception <a 'java/lang/NoSuchMethodError': Method sun.misc.Unsafe.prefetchRead(Ljava/lang/Object;J)V name or signature does not match> (0x00000000eab07fa8) thrown at [/HUDSON3/workspace/8-2-build-linux-amd64/jdk8u74/6087/hotspot/src/share/vm/prims/jni.cp
Event: 6.201 Thread 0x00007f6bac00a000 Implicit null exception at 0x00007f6b9d4653dd to 0x00007f6b9d466ca5
Event: 6.217 Thread 0x00007f6bac00a000 Implicit null exception at 0x00007f6b9d41858f to 0x00007f6b9d419b51
Event: 6.696 Thread 0x00007f6bac00a000 Exception <a 'java/lang/ArrayIndexOutOfBoundsException': 18> (0x00000000ecb96c20) thrown at [/HUDSON3/workspace/8-2-build-linux-amd64/jdk8u74/6087/hotspot/src/share/vm/interpreter/interpreterRuntime.cpp, line 366]
Event: 6.696 Thread 0x00007f6bac00a000 Exception <a 'java/lang/ArrayIndexOutOfBoundsException': 145> (0x00000000ecb987a0) thrown at [/HUDSON3/workspace/8-2-build-linux-amd64/jdk8u74/6087/hotspot/src/share/vm/interpreter/interpreterRuntime.cpp, line 366]
Event: 6.697 Thread 0x00007f6bac00a000 Exception <a 'java/lang/ArrayIndexOutOfBoundsException'> (0x00000000ecb99a88) thrown at [/HUDSON3/workspace/8-2-build-linux-amd64/jdk8u74/6087/hotspot/src/share/vm/runtime/sharedRuntime.cpp, line 605]
Event: 20.155 Thread 0x00007f6bac00a000 Implicit null exception at 0x00007f6b9d9cd7f4 to 0x00007f6b9d9d0068
Event: 20.173 Thread 0x00007f6bac00a000 Implicit null exception at 0x00007f6b9da50ccb to 0x00007f6b9da525e1
Event: 20.173 Thread 0x00007f6bac00a000 Implicit null exception at 0x00007f6b9da014d0 to 0x00007f6b9da015e9

Events (10 events):
Event: 25.698 Thread 0x00007f6bac0b9000 flushing nmethod 0x00007f6b9d21c850
Event: 25.698 Thread 0x00007f6bac0b9000 flushing nmethod 0x00007f6b9d241f10
Event: 25.698 Thread 0x00007f6bac0b9000 flushing nmethod 0x00007f6b9d245050
Event: 25.698 Thread 0x00007f6bac0b9000 flushing nmethod 0x00007f6b9d245a90
Event: 25.698 Thread 0x00007f6bac0b9000 flushing nmethod 0x00007f6b9d245e10
Event: 25.698 Thread 0x00007f6bac0b9000 flushing nmethod 0x00007f6b9d247510
Event: 25.698 Thread 0x00007f6bac0b9000 flushing nmethod 0x00007f6b9d247910
Event: 25.698 Thread 0x00007f6bac0b9000 flushing nmethod 0x00007f6b9d249d10
Event: 25.698 Thread 0x00007f6bac0b9000 flushing nmethod 0x00007f6b9d24fa10
Event: 25.837 Executing VM operation: ParallelGCFailedAllocation


Dynamic libraries:
00400000-00401000 r-xp 00000000 08:05 3290920                            /usr/lib/jvm/java-8-oracle/bin/java
00600000-00601000 rw-p 00000000 08:05 3290920                            /usr/lib/jvm/java-8-oracle/bin/java
01501000-01522000 rw-p 00000000 00:00 0                                  [heap]
c0000000-da100000 rw-p 00000000 00:00 0 
e4680000-eab00000 ---p 00000000 00:00 0 
eab00000-100000000 rw-p 00000000 00:00 0 
100000000-1000a0000 rw-p 00000000 00:00 0 
1000a0000-140000000 ---p 00000000 00:00 0 
7f6b60000000-7f6b60021000 rw-p 00000000 00:00 0 
7f6b60021000-7f6b64000000 ---p 00000000 00:00 0 
7f6b68000000-7f6b689bd000 rw-p 00000000 00:00 0 
7f6b689bd000-7f6b6c000000 ---p 00000000 00:00 0 
7f6b6c000000-7f6b6c021000 rw-p 00000000 00:00 0 
7f6b6c021000-7f6b70000000 ---p 00000000 00:00 0 
7f6b70000000-7f6b71352000 rw-p 00000000 00:00 0 
7f6b71352000-7f6b74000000 ---p 00000000 00:00 0 
7f6b74000000-7f6b76080000 rw-p 00000000 00:00 0 
7f6b76080000-7f6b78000000 ---p 00000000 00:00 0 
7f6b78000000-7f6b78021000 rw-p 00000000 00:00 0 
7f6b78021000-7f6b7c000000 ---p 00000000 00:00 0 
7f6b7c000000-7f6b7c021000 rw-p 00000000 00:00 0 
7f6b7c021000-7f6b80000000 ---p 00000000 00:00 0 
7f6b80000000-7f6b8028d000 rw-p 00000000 00:00 0 
7f6b8028d000-7f6b84000000 ---p 00000000 00:00 0 
7f6b84000000-7f6b84021000 rw-p 00000000 00:00 0 
7f6b84021000-7f6b88000000 ---p 00000000 00:00 0 
7f6b88000000-7f6b88021000 rw-p 00000000 00:00 0 
7f6b88021000-7f6b8c000000 ---p 00000000 00:00 0 
7f6b8ce67000-7f6b8cf14000 r--s 00744000 08:05 1711749                    /home/raluca/Documents/Ceretare/Mobiway_v1.0/Mobiway/app/build/intermediates/multi-dex/debug/allclasses.jar
7f6b8cf14000-7f6b8cf15000 ---p 00000000 00:00 0 
7f6b8cf15000-7f6b8d015000 rw-p 00000000 00:00 0                          [stack:19358]
7f6b8d015000-7f6b8d018000 ---p 00000000 00:00 0 
7f6b8d018000-7f6b8d116000 rw-p 00000000 00:00 0                          [stack:19356]
7f6b8d116000-7f6b8d119000 ---p 00000000 00:00 0 
7f6b8d119000-7f6b8d217000 rw-p 00000000 00:00 0                          [stack:19355]
7f6b8d217000-7f6b8d21a000 ---p 00000000 00:00 0 
7f6b8d21a000-7f6b8d318000 rw-p 00000000 00:00 0                          [stack:19354]
7f6b8d318000-7f6b8d31b000 ---p 00000000 00:00 0 
7f6b8d31b000-7f6b8d419000 rw-p 00000000 00:00 0                          [stack:19353]
7f6b8d419000-7f6b8d41c000 ---p 00000000 00:00 0 
7f6b8d41c000-7f6b8d51a000 rw-p 00000000 00:00 0                          [stack:19352]
7f6b8d51a000-7f6b8dbfc000 r--p 00000000 08:05 2759684                    /usr/lib/locale/locale-archive
7f6b8dbfc000-7f6b8dbff000 ---p 00000000 00:00 0 
7f6b8dbff000-7f6b8dcfd000 rw-p 00000000 00:00 0                          [stack:19350]
7f6b8dcfd000-7f6b8dd00000 ---p 00000000 00:00 0 
7f6b8dd00000-7f6b8ddfe000 rw-p 00000000 00:00 0                          [stack:19349]
7f6b8ddfe000-7f6b8ddff000 ---p 00000000 00:00 0 
7f6b8ddff000-7f6b90000000 rw-p 00000000 00:00 0                          [stack:19348]
7f6b90000000-7f6b90021000 rw-p 00000000 00:00 0 
7f6b90021000-7f6b94000000 ---p 00000000 00:00 0 
7f6b94000000-7f6b94021000 rw-p 00000000 00:00 0 
7f6b94021000-7f6b98000000 ---p 00000000 00:00 0 
7f6b98000000-7f6b98021000 rw-p 00000000 00:00 0 
7f6b98021000-7f6b9c000000 ---p 00000000 00:00 0 
7f6b9c076000-7f6b9ce28000 rw-p 00000000 00:00 0 
7f6b9ce28000-7f6b9d000000 r--s 03d1d000 08:05 3291722                    /usr/lib/jvm/java-8-oracle/jre/lib/rt.jar
7f6b9d000000-7f6b9dc20000 rwxp 00000000 00:00 0 
7f6b9dc20000-7f6bac000000 ---p 00000000 00:00 0 
7f6bac000000-7f6bac38a000 rw-p 00000000 00:00 0 
7f6bac38a000-7f6bb0000000 ---p 00000000 00:00 0 
7f6bb000c000-7f6bb001b000 r--s 000dd000 08:05 524435                     /root/Android/Sdk/build-tools/21.1.2/lib/dx.jar
7f6bb001b000-7f6bb0812000 rw-p 00000000 00:00 0 
7f6bb0812000-7f6bb0992000 ---p 00000000 00:00 0 
7f6bb0992000-7f6bb0b92000 rw-p 00000000 00:00 0 
7f6bb0b92000-7f6bb0b93000 ---p 00000000 00:00 0 
7f6bb0b93000-7f6bb0c93000 rw-p 00000000 00:00 0                          [stack:19345]
7f6bb0c93000-7f6bb0c94000 ---p 00000000 00:00 0 
7f6bb0c94000-7f6bb0d94000 rw-p 00000000 00:00 0                          [stack:19344]
7f6bb0d94000-7f6bb0d95000 ---p 00000000 00:00 0 
7f6bb0d95000-7f6bb0e95000 rw-p 00000000 00:00 0                          [stack:19343]
7f6bb0e95000-7f6bb0e96000 ---p 00000000 00:00 0 
7f6bb0e96000-7f6bb1067000 rw-p 00000000 00:00 0                          [stack:19342]
7f6bb1067000-7f6bb10ec000 ---p 00000000 00:00 0 
7f6bb10ec000-7f6bb11bd000 rw-p 00000000 00:00 0 
7f6bb11bd000-7f6bb1241000 ---p 00000000 00:00 0 
7f6bb1241000-7f6bb12ec000 rw-p 00000000 00:00 0 
7f6bb12ec000-7f6bb131e000 rw-p 00000000 00:00 0 
7f6bb131e000-7f6bb16ad000 ---p 00000000 00:00 0 
7f6bb16ad000-7f6bb16c7000 r-xp 00000000 08:05 3295742                    /usr/lib/jvm/java-8-oracle/jre/lib/amd64/libzip.so
7f6bb16c7000-7f6bb18c7000 ---p 0001a000 08:05 3295742                    /usr/lib/jvm/java-8-oracle/jre/lib/amd64/libzip.so
7f6bb18c7000-7f6bb18c8000 rw-p 0001a000 08:05 3295742                    /usr/lib/jvm/java-8-oracle/jre/lib/amd64/libzip.so
7f6bb18c8000-7f6bb18d3000 r-xp 00000000 08:05 1056963                    /lib/x86_64-linux-gnu/libnss_files-2.19.so
7f6bb18d3000-7f6bb1ad2000 ---p 0000b000 08:05 1056963                    /lib/x86_64-linux-gnu/libnss_files-2.19.so
7f6bb1ad2000-7f6bb1ad3000 r--p 0000a000 08:05 1056963                    /lib/x86_64-linux-gnu/libnss_files-2.19.so
7f6bb1ad3000-7f6bb1ad4000 rw-p 0000b000 08:05 1056963                    /lib/x86_64-linux-gnu/libnss_files-2.19.so
7f6bb1ad4000-7f6bb1adf000 r-xp 00000000 08:05 1056894                    /lib/x86_64-linux-gnu/libnss_nis-2.19.so
7f6bb1adf000-7f6bb1cde000 ---p 0000b000 08:05 1056894                    /lib/x86_64-linux-gnu/libnss_nis-2.19.so
7f6bb1cde000-7f6bb1cdf000 r--p 0000a000 08:05 1056894                    /lib/x86_64-linux-gnu/libnss_nis-2.19.so
7f6bb1cdf000-7f6bb1ce0000 rw-p 0000b000 08:05 1056894                    /lib/x86_64-linux-gnu/libnss_nis-2.19.so
7f6bb1ce0000-7f6bb1cf7000 r-xp 00000000 08:05 1056890                    /lib/x86_64-linux-gnu/libnsl-2.19.so
7f6bb1cf7000-7f6bb1ef6000 ---p 00017000 08:05 1056890                    /lib/x86_64-linux-gnu/libnsl-2.19.so
7f6bb1ef6000-7f6bb1ef7000 r--p 00016000 08:05 1056890                    /lib/x86_64-linux-gnu/libnsl-2.19.so
7f6bb1ef7000-7f6bb1ef8000 rw-p 00017000 08:05 1056890                    /lib/x86_64-linux-gnu/libnsl-2.19.so
7f6bb1ef8000-7f6bb1efa000 rw-p 00000000 00:00 0 
7f6bb1efa000-7f6bb1f03000 r-xp 00000000 08:05 1056889                    /lib/x86_64-linux-gnu/libnss_compat-2.19.so
7f6bb1f03000-7f6bb2102000 ---p 00009000 08:05 1056889                    /lib/x86_64-linux-gnu/libnss_compat-2.19.so
7f6bb2102000-7f6bb2103000 r--p 00008000 08:05 1056889                    /lib/x86_64-linux-gnu/libnss_compat-2.19.so
7f6bb2103000-7f6bb2104000 rw-p 00009000 08:05 1056889                    /lib/x86_64-linux-gnu/libnss_compat-2.19.so
7f6bb2104000-7f6bb212e000 r-xp 00000000 08:05 3295772                    /usr/lib/jvm/java-8-oracle/jre/lib/amd64/libjava.so
7f6bb212e000-7f6bb232e000 ---p 0002a000 08:05 3295772                    /usr/lib/jvm/java-8-oracle/jre/lib/amd64/libjava.so
7f6bb232e000-7f6bb2330000 rw-p 0002a000 08:05 3295772                    /usr/lib/jvm/java-8-oracle/jre/lib/amd64/libjava.so
7f6bb2330000-7f6bb233d000 r-xp 00000000 08:05 3295769                    /usr/lib/jvm/java-8-oracle/jre/lib/amd64/libverify.so
7f6bb233d000-7f6bb253d000 ---p 0000d000 08:05 3295769                    /usr/lib/jvm/java-8-oracle/jre/lib/amd64/libverify.so
7f6bb253d000-7f6bb253f000 rw-p 0000d000 08:05 3295769                    /usr/lib/jvm/java-8-oracle/jre/lib/amd64/libverify.so
7f6bb253f000-7f6bb2546000 r-xp 00000000 08:05 1056898                    /lib/x86_64-linux-gnu/librt-2.19.so
7f6bb2546000-7f6bb2745000 ---p 00007000 08:05 1056898                    /lib/x86_64-linux-gnu/librt-2.19.so
7f6bb2745000-7f6bb2746000 r--p 00006000 08:05 1056898                    /lib/x86_64-linux-gnu/librt-2.19.so
7f6bb2746000-7f6bb2747000 rw-p 00007000 08:05 1056898                    /lib/x86_64-linux-gnu/librt-2.19.so
7f6bb2747000-7f6bb284c000 r-xp 00000000 08:05 1056560                    /lib/x86_64-linux-gnu/libm-2.19.so
7f6bb284c000-7f6bb2a4b000 ---p 00105000 08:05 1056560                    /lib/x86_64-linux-gnu/libm-2.19.so
7f6bb2a4b000-7f6bb2a4c000 r--p 00104000 08:05 1056560                    /lib/x86_64-linux-gnu/libm-2.19.so
7f6bb2a4c000-7f6bb2a4d000 rw-p 00105000 08:05 1056560                    /lib/x86_64-linux-gnu/libm-2.19.so
7f6bb2a4d000-7f6bb370c000 r-xp 00000000 08:05 3295763                    /usr/lib/jvm/java-8-oracle/jre/lib/amd64/server/libjvm.so
7f6bb370c000-7f6bb390b000 ---p 00cbf000 08:05 3295763                    /usr/lib/jvm/java-8-oracle/jre/lib/amd64/server/libjvm.so
7f6bb390b000-7f6bb39e4000 rw-p 00cbe000 08:05 3295763                    /usr/lib/jvm/java-8-oracle/jre/lib/amd64/server/libjvm.so
7f6bb39e4000-7f6bb3a2d000 rw-p 00000000 00:00 0 
7f6bb3a2d000-7f6bb3be8000 r-xp 00000000 08:05 1056899                    /lib/x86_64-linux-gnu/libc-2.19.so
7f6bb3be8000-7f6bb3de7000 ---p 001bb000 08:05 1056899                    /lib/x86_64-linux-gnu/libc-2.19.so
7f6bb3de7000-7f6bb3deb000 r--p 001ba000 08:05 1056899                    /lib/x86_64-linux-gnu/libc-2.19.so
7f6bb3deb000-7f6bb3ded000 rw-p 001be000 08:05 1056899                    /lib/x86_64-linux-gnu/libc-2.19.so
7f6bb3ded000-7f6bb3df2000 rw-p 00000000 00:00 0 
7f6bb3df2000-7f6bb3df5000 r-xp 00000000 08:05 1056606                    /lib/x86_64-linux-gnu/libdl-2.19.so
7f6bb3df5000-7f6bb3ff4000 ---p 00003000 08:05 1056606                    /lib/x86_64-linux-gnu/libdl-2.19.so
7f6bb3ff4000-7f6bb3ff5000 r--p 00002000 08:05 1056606                    /lib/x86_64-linux-gnu/libdl-2.19.so
7f6bb3ff5000-7f6bb3ff6000 rw-p 00003000 08:05 1056606                    /lib/x86_64-linux-gnu/libdl-2.19.so
7f6bb3ff6000-7f6bb400b000 r-xp 00000000 08:05 3290785                    /usr/lib/jvm/java-8-oracle/lib/amd64/jli/libjli.so
7f6bb400b000-7f6bb420b000 ---p 00015000 08:05 3290785                    /usr/lib/jvm/java-8-oracle/lib/amd64/jli/libjli.so
7f6bb420b000-7f6bb420c000 rw-p 00015000 08:05 3290785                    /usr/lib/jvm/java-8-oracle/lib/amd64/jli/libjli.so
7f6bb420c000-7f6bb4225000 r-xp 00000000 08:05 1056891                    /lib/x86_64-linux-gnu/libpthread-2.19.so
7f6bb4225000-7f6bb4424000 ---p 00019000 08:05 1056891                    /lib/x86_64-linux-gnu/libpthread-2.19.so
7f6bb4424000-7f6bb4425000 r--p 00018000 08:05 1056891                    /lib/x86_64-linux-gnu/libpthread-2.19.so
7f6bb4425000-7f6bb4426000 rw-p 00019000 08:05 1056891                    /lib/x86_64-linux-gnu/libpthread-2.19.so
7f6bb4426000-7f6bb442a000 rw-p 00000000 00:00 0 
7f6bb442a000-7f6bb444d000 r-xp 00000000 08:05 1056892                    /lib/x86_64-linux-gnu/ld-2.19.so
7f6bb4454000-7f6bb4527000 rw-p 00000000 00:00 0 
7f6bb4527000-7f6bb452a000 ---p 00000000 00:00 0 
7f6bb452a000-7f6bb4640000 rw-p 00000000 00:00 0                          [stack:19338]
7f6bb4640000-7f6bb4648000 rw-s 00000000 08:05 272150                     /tmp/hsperfdata_root/19333
7f6bb4648000-7f6bb4649000 rw-p 00000000 00:00 0 
7f6bb4649000-7f6bb464a000 ---p 00000000 00:00 0 
7f6bb464a000-7f6bb464c000 rw-p 00000000 00:00 0 
7f6bb464c000-7f6bb464d000 r--p 00022000 08:05 1056892                    /lib/x86_64-linux-gnu/ld-2.19.so
7f6bb464d000-7f6bb464e000 rw-p 00023000 08:05 1056892                    /lib/x86_64-linux-gnu/ld-2.19.so
7f6bb464e000-7f6bb464f000 rw-p 00000000 00:00 0 
7ffc3e8d0000-7ffc3e8f1000 rw-p 00000000 00:00 0                          [stack]
7ffc3e9e8000-7ffc3e9ea000 r-xp 00000000 00:00 0                          [vdso]
7ffc3e9ea000-7ffc3e9ec000 r--p 00000000 00:00 0                          [vvar]
ffffffffff600000-ffffffffff601000 r-xp 00000000 00:00 0                  [vsyscall]

VM Arguments:
jvm_args: -Xmx1024M -Dfile.encoding=UTF-8 -Duser.country=US -Duser.language=en -Duser.variant 
java_command: com.android.dx.command.Main --dex --multi-dex --main-dex-list /home/raluca/Documents/Ceretare/Mobiway_v1.0/Mobiway/app/build/intermediates/multi-dex/debug/maindexlist.txt --output /home/raluca/Documents/Ceretare/Mobiway_v1.0/Mobiway/app/build/intermediates/dex/debug /home/raluca/Documents/Ceretare/Mobiway_v1.0/Mobiway/app/build/intermediates/multi-dex/debug/allclasses.jar
java_class_path (initial): /root/Android/Sdk/build-tools/21.1.2/lib/dx.jar
Launcher Type: SUN_STANDARD

Environment Variables:
CLASSPATH=./../lib/bootstrap.jar:./../lib/extensions.jar:./../lib/util.jar:./../lib/jdom.jar:./../lib/log4j.jar:./../lib/trove4j.jar:./../lib/jna.jar:/usr/lib/jvm/java-8-oracle/lib/tools.jar
PATH=/usr/local/sbin:/usr/local/bin:/usr/sbin:/usr/bin:/sbin:/bin:/usr/games:/usr/local/games
USERNAME=root
LD_LIBRARY_PATH=.:
SHELL=/bin/bash
DISPLAY=:0

Signal Handlers:
SIGSEGV: [libjvm.so+0xabb070], sa_mask[0]=11111111011111111101111111111110, sa_flags=SA_RESTART|SA_SIGINFO
SIGBUS: [libjvm.so+0xabb070], sa_mask[0]=11111111011111111101111111111110, sa_flags=SA_RESTART|SA_SIGINFO
SIGFPE: [libjvm.so+0x918480], sa_mask[0]=11111111011111111101111111111110, sa_flags=SA_RESTART|SA_SIGINFO
SIGPIPE: [libjvm.so+0x918480], sa_mask[0]=11111111011111111101111111111110, sa_flags=SA_RESTART|SA_SIGINFO
SIGXFSZ: [libjvm.so+0x918480], sa_mask[0]=11111111011111111101111111111110, sa_flags=SA_RESTART|SA_SIGINFO
SIGILL: [libjvm.so+0x918480], sa_mask[0]=11111111011111111101111111111110, sa_flags=SA_RESTART|SA_SIGINFO
SIGUSR1: SIG_DFL, sa_mask[0]=00000000000000000000000000000000, sa_flags=none
SIGUSR2: [libjvm.so+0x919ab0], sa_mask[0]=00100000000000000000000000000000, sa_flags=SA_RESTART|SA_SIGINFO
SIGHUP: [libjvm.so+0x91aeb0], sa_mask[0]=11111111011111111101111111111110, sa_flags=SA_RESTART|SA_SIGINFO
SIGINT: [libjvm.so+0x91aeb0], sa_mask[0]=11111111011111111101111111111110, sa_flags=SA_RESTART|SA_SIGINFO
SIGTERM: [libjvm.so+0x91aeb0], sa_mask[0]=11111111011111111101111111111110, sa_flags=SA_RESTART|SA_SIGINFO
SIGQUIT: [libjvm.so+0x91aeb0], sa_mask[0]=11111111011111111101111111111110, sa_flags=SA_RESTART|SA_SIGINFO


---------------  S Y S T E M  ---------------

OS:DISTRIB_ID=Ubuntu
DISTRIB_RELEASE=14.04
DISTRIB_CODENAME=trusty
DISTRIB_DESCRIPTION="Ubuntu 14.04.4 LTS"

uname:Linux 3.16.0-62-generic #83~14.04.1-Ubuntu SMP Fri Feb 26 22:52:39 UTC 2016 x86_64
libc:glibc 2.19 NPTL 2.19 
rlimit: STACK 8192k, CORE 0k, NPROC 31309, NOFILE 4096, AS infinity
load average:7.56 2.74 1.75

/proc/meminfo:
MemTotal:        8036592 kB
MemFree:          122464 kB
MemAvailable:      96476 kB
Buffers:            2660 kB
Cached:           645100 kB
SwapCached:            0 kB
Active:          7038124 kB
Inactive:         598552 kB
Active(anon):    7014284 kB
Inactive(anon):   558516 kB
Active(file):      23840 kB
Inactive(file):    40036 kB
Unevictable:         828 kB
Mlocked:             828 kB
SwapTotal:             0 kB
SwapFree:              0 kB
Dirty:              1876 kB
Writeback:            24 kB
AnonPages:       6990512 kB
Mapped:           349764 kB
Shmem:            583116 kB
Slab:              98196 kB
SReclaimable:      53080 kB
SUnreclaim:        45116 kB
KernelStack:       12720 kB
PageTables:        67936 kB
NFS_Unstable:          0 kB
Bounce:                0 kB
WritebackTmp:          0 kB
CommitLimit:     4018296 kB
Committed_AS:   14176544 kB
VmallocTotal:   34359738367 kB
VmallocUsed:      411528 kB
VmallocChunk:   34359302516 kB
HardwareCorrupted:     0 kB
AnonHugePages:   2277376 kB
HugePages_Total:       0
HugePages_Free:        0
HugePages_Rsvd:        0
HugePages_Surp:        0
Hugepagesize:       2048 kB
DirectMap4k:      102168 kB
DirectMap2M:     8146944 kB


CPU:total 4 (2 cores per cpu, 2 threads per core) family 6 model 58 stepping 9, cmov, cx8, fxsr, mmx, sse, sse2, sse3, ssse3, sse4.1, sse4.2, popcnt, avx, aes, clmul, erms, ht, tsc, tscinvbit, tscinv

/proc/cpuinfo:
processor	: 0
vendor_id	: GenuineIntel
cpu family	: 6
model		: 58
model name	: Intel(R) Core(TM) i5-3210M CPU @ 2.50GHz
stepping	: 9
microcode	: 0x12
cpu MHz		: 1200.000
cache size	: 3072 KB
physical id	: 0
siblings	: 4
core id		: 0
cpu cores	: 2
apicid		: 0
initial apicid	: 0
fpu		: yes
fpu_exception	: yes
cpuid level	: 13
wp		: yes
flags		: fpu vme de pse tsc msr pae mce cx8 apic sep mtrr pge mca cmov pat pse36 clflush dts acpi mmx fxsr sse sse2 ss ht tm pbe syscall nx rdtscp lm constant_tsc arch_perfmon pebs bts rep_good nopl xtopology nonstop_tsc aperfmperf eagerfpu pni pclmulqdq dtes64 monitor ds_cpl vmx est tm2 ssse3 cx16 xtpr pdcm pcid sse4_1 sse4_2 x2apic popcnt tsc_deadline_timer aes xsave avx f16c rdrand lahf_lm ida arat epb xsaveopt pln pts dtherm tpr_shadow vnmi flexpriority ept vpid fsgsbase smep erms
bogomips	: 4988.97
clflush size	: 64
cache_alignment	: 64
address sizes	: 36 bits physical, 48 bits virtual
power management:

processor	: 1
vendor_id	: GenuineIntel
cpu family	: 6
model		: 58
model name	: Intel(R) Core(TM) i5-3210M CPU @ 2.50GHz
stepping	: 9
microcode	: 0x12
cpu MHz		: 1200.000
cache size	: 3072 KB
physical id	: 0
siblings	: 4
core id		: 0
cpu cores	: 2
apicid		: 1
initial apicid	: 1
fpu		: yes
fpu_exception	: yes
cpuid level	: 13
wp		: yes
flags		: fpu vme de pse tsc msr pae mce cx8 apic sep mtrr pge mca cmov pat pse36 clflush dts acpi mmx fxsr sse sse2 ss ht tm pbe syscall nx rdtscp lm constant_tsc arch_perfmon pebs bts rep_good nopl xtopology nonstop_tsc aperfmperf eagerfpu pni pclmulqdq dtes64 monitor ds_cpl vmx est tm2 ssse3 cx16 xtpr pdcm pcid sse4_1 sse4_2 x2apic popcnt tsc_deadline_timer aes xsave avx f16c rdrand lahf_lm ida arat epb xsaveopt pln pts dtherm tpr_shadow vnmi flexpriority ept vpid fsgsbase smep erms
bogomips	: 4988.97
clflush size	: 64
cache_alignment	: 64
address sizes	: 36 bits physical, 48 bits virtual
power management:

processor	: 2
vendor_id	: GenuineIntel
cpu family	: 6
model		: 58
model name	: Intel(R) Core(TM) i5-3210M CPU @ 2.50GHz
stepping	: 9
microcode	: 0x12
cpu MHz		: 1204.785
cache size	: 3072 KB
physical id	: 0
siblings	: 4
core id		: 1
cpu cores	: 2
apicid		: 2
initial apicid	: 2
fpu		: yes
fpu_exception	: yes
cpuid level	: 13
wp		: yes
flags		: fpu vme de pse tsc msr pae mce cx8 apic sep mtrr pge mca cmov pat pse36 clflush dts acpi mmx fxsr sse sse2 ss ht tm pbe syscall nx rdtscp lm constant_tsc arch_perfmon pebs bts rep_good nopl xtopology nonstop_tsc aperfmperf eagerfpu pni pclmulqdq dtes64 monitor ds_cpl vmx est tm2 ssse3 cx16 xtpr pdcm pcid sse4_1 sse4_2 x2apic popcnt tsc_deadline_timer aes xsave avx f16c rdrand lahf_lm ida arat epb xsaveopt pln pts dtherm tpr_shadow vnmi flexpriority ept vpid fsgsbase smep erms
bogomips	: 4988.97
clflush size	: 64
cache_alignment	: 64
address sizes	: 36 bits physical, 48 bits virtual
power management:

processor	: 3
vendor_id	: GenuineIntel
cpu family	: 6
model		: 58
model name	: Intel(R) Core(TM) i5-3210M CPU @ 2.50GHz
stepping	: 9
microcode	: 0x12
cpu MHz		: 1202.246
cache size	: 3072 KB
physical id	: 0
siblings	: 4
core id		: 1
cpu cores	: 2
apicid		: 3
initial apicid	: 3
fpu		: yes
fpu_exception	: yes
cpuid level	: 13
wp		: yes
flags		: fpu vme de pse tsc msr pae mce cx8 apic sep mtrr pge mca cmov pat pse36 clflush dts acpi mmx fxsr sse sse2 ss ht tm pbe syscall nx rdtscp lm constant_tsc arch_perfmon pebs bts rep_good nopl xtopology nonstop_tsc aperfmperf eagerfpu pni pclmulqdq dtes64 monitor ds_cpl vmx est tm2 ssse3 cx16 xtpr pdcm pcid sse4_1 sse4_2 x2apic popcnt tsc_deadline_timer aes xsave avx f16c rdrand lahf_lm ida arat epb xsaveopt pln pts dtherm tpr_shadow vnmi flexpriority ept vpid fsgsbase smep erms
bogomips	: 4988.97
clflush size	: 64
cache_alignment	: 64
address sizes	: 36 bits physical, 48 bits virtual
power management:



Memory: 4k page, physical 8036592k(122980k free), swap 0k(0k free)

vm_info: Java HotSpot(TM) 64-Bit Server VM (25.74-b02) for linux-amd64 JRE (1.8.0_74-b02), built on Jan 29 2016 19:20:56 by "java_re" with gcc 4.3.0 20080428 (Red Hat 4.3.0-8)

time: Sat Nov  5 17:21:24 2016
elapsed time: 42 seconds (0d 0h 0m 42s)

